============================================================
고속 이미지 리사이징
============================================================
워커 수: 32
목표 해상도: 1280x720
============================================================

[INFO] 재개 모드: 이미 완료된 26,544개 건너뜀

[INFO] CSV 파일 읽는 중: /home/maiordba/projects/vision/Wan2.2/preprocessed_data/all_train.csv
[INFO] 변환할 이미지: 63,530개

[INFO] 변환 시작: 2025-11-08 09:45:51
[INFO] 출력 디렉토리: /home/maiordba/projects/vision/Wan2.2/preprocessed_data/images_1280x720

[진행률] 100/63,530 (0.2%) | 속도: 107.8 이미지/초 | 남은시간: 9.8분 | 성공: 100 | 에러: 0
[진행률] 200/63,530 (0.3%) | 속도: 122.9 이미지/초 | 남은시간: 8.6분 | 성공: 200 | 에러: 0
[진행률] 300/63,530 (0.5%) | 속도: 123.2 이미지/초 | 남은시간: 8.6분 | 성공: 300 | 에러: 0
[진행률] 400/63,530 (0.6%) | 속도: 126.4 이미지/초 | 남은시간: 8.3분 | 성공: 400 | 에러: 0
[진행률] 500/63,530 (0.8%) | 속도: 128.3 이미지/초 | 남은시간: 8.2분 | 성공: 500 | 에러: 0
[진행률] 600/63,530 (0.9%) | 속도: 129.2 이미지/초 | 남은시간: 8.1분 | 성공: 600 | 에러: 0
[진행률] 700/63,530 (1.1%) | 속도: 131.3 이미지/초 | 남은시간: 8.0분 | 성공: 700 | 에러: 0
[진행률] 800/63,530 (1.3%) | 속도: 131.6 이미지/초 | 남은시간: 7.9분 | 성공: 800 | 에러: 0
[진행률] 900/63,530 (1.4%) | 속도: 132.6 이미지/초 | 남은시간: 7.9분 | 성공: 900 | 에러: 0
[진행률] 1,000/63,530 (1.6%) | 속도: 132.7 이미지/초 | 남은시간: 7.9분 | 성공: 1,000 | 에러: 0
[진행률] 1,100/63,530 (1.7%) | 속도: 133.5 이미지/초 | 남은시간: 7.8분 | 성공: 1,100 | 에러: 0
[진행률] 1,200/63,530 (1.9%) | 속도: 133.5 이미지/초 | 남은시간: 7.8분 | 성공: 1,200 | 에러: 0
[진행률] 1,300/63,530 (2.0%) | 속도: 133.9 이미지/초 | 남은시간: 7.7분 | 성공: 1,300 | 에러: 0
[진행률] 1,400/63,530 (2.2%) | 속도: 134.1 이미지/초 | 남은시간: 7.7분 | 성공: 1,400 | 에러: 0
[진행률] 1,500/63,530 (2.4%) | 속도: 133.7 이미지/초 | 남은시간: 7.7분 | 성공: 1,500 | 에러: 0
[진행률] 1,600/63,530 (2.5%) | 속도: 134.2 이미지/초 | 남은시간: 7.7분 | 성공: 1,600 | 에러: 0
[진행률] 1,700/63,530 (2.7%) | 속도: 134.4 이미지/초 | 남은시간: 7.7분 | 성공: 1,700 | 에러: 0
[진행률] 1,800/63,530 (2.8%) | 속도: 134.7 이미지/초 | 남은시간: 7.6분 | 성공: 1,800 | 에러: 0
[진행률] 1,900/63,530 (3.0%) | 속도: 134.6 이미지/초 | 남은시간: 7.6분 | 성공: 1,900 | 에러: 0
[진행률] 2,000/63,530 (3.1%) | 속도: 134.9 이미지/초 | 남은시간: 7.6분 | 성공: 2,000 | 에러: 0
[진행률] 2,100/63,530 (3.3%) | 속도: 134.2 이미지/초 | 남은시간: 7.6분 | 성공: 2,100 | 에러: 0
[진행률] 2,200/63,530 (3.5%) | 속도: 134.6 이미지/초 | 남은시간: 7.6분 | 성공: 2,200 | 에러: 0
[진행률] 2,300/63,530 (3.6%) | 속도: 134.8 이미지/초 | 남은시간: 7.6분 | 성공: 2,300 | 에러: 0
[진행률] 2,400/63,530 (3.8%) | 속도: 135.1 이미지/초 | 남은시간: 7.5분 | 성공: 2,400 | 에러: 0
[진행률] 2,500/63,530 (3.9%) | 속도: 135.1 이미지/초 | 남은시간: 7.5분 | 성공: 2,500 | 에러: 0
[진행률] 2,600/63,530 (4.1%) | 속도: 135.1 이미지/초 | 남은시간: 7.5분 | 성공: 2,600 | 에러: 0
[진행률] 2,700/63,530 (4.2%) | 속도: 135.3 이미지/초 | 남은시간: 7.5분 | 성공: 2,700 | 에러: 0
[진행률] 2,800/63,530 (4.4%) | 속도: 134.6 이미지/초 | 남은시간: 7.5분 | 성공: 2,800 | 에러: 0
[진행률] 2,900/63,530 (4.6%) | 속도: 134.0 이미지/초 | 남은시간: 7.5분 | 성공: 2,900 | 에러: 0
[진행률] 3,000/63,530 (4.7%) | 속도: 133.1 이미지/초 | 남은시간: 7.6분 | 성공: 3,000 | 에러: 0
[진행률] 3,100/63,530 (4.9%) | 속도: 132.6 이미지/초 | 남은시간: 7.6분 | 성공: 3,100 | 에러: 0
[진행률] 3,200/63,530 (5.0%) | 속도: 132.8 이미지/초 | 남은시간: 7.6분 | 성공: 3,200 | 에러: 0
[진행률] 3,300/63,530 (5.2%) | 속도: 133.2 이미지/초 | 남은시간: 7.5분 | 성공: 3,300 | 에러: 0
[진행률] 3,400/63,530 (5.4%) | 속도: 133.5 이미지/초 | 남은시간: 7.5분 | 성공: 3,400 | 에러: 0
[진행률] 3,500/63,530 (5.5%) | 속도: 133.7 이미지/초 | 남은시간: 7.5분 | 성공: 3,500 | 에러: 0
[진행률] 3,600/63,530 (5.7%) | 속도: 134.1 이미지/초 | 남은시간: 7.5분 | 성공: 3,600 | 에러: 0
[진행률] 3,700/63,530 (5.8%) | 속도: 134.2 이미지/초 | 남은시간: 7.4분 | 성공: 3,700 | 에러: 0
[진행률] 3,800/63,530 (6.0%) | 속도: 134.4 이미지/초 | 남은시간: 7.4분 | 성공: 3,800 | 에러: 0
[진행률] 3,900/63,530 (6.1%) | 속도: 134.5 이미지/초 | 남은시간: 7.4분 | 성공: 3,900 | 에러: 0
[진행률] 4,000/63,530 (6.3%) | 속도: 134.8 이미지/초 | 남은시간: 7.4분 | 성공: 4,000 | 에러: 0
[진행률] 4,100/63,530 (6.5%) | 속도: 134.9 이미지/초 | 남은시간: 7.3분 | 성공: 4,100 | 에러: 0
[진행률] 4,200/63,530 (6.6%) | 속도: 134.9 이미지/초 | 남은시간: 7.3분 | 성공: 4,200 | 에러: 0
[진행률] 4,300/63,530 (6.8%) | 속도: 135.0 이미지/초 | 남은시간: 7.3분 | 성공: 4,300 | 에러: 0
[진행률] 4,400/63,530 (6.9%) | 속도: 135.3 이미지/초 | 남은시간: 7.3분 | 성공: 4,400 | 에러: 0
[진행률] 4,500/63,530 (7.1%) | 속도: 135.4 이미지/초 | 남은시간: 7.3분 | 성공: 4,500 | 에러: 0
[진행률] 4,600/63,530 (7.2%) | 속도: 135.7 이미지/초 | 남은시간: 7.2분 | 성공: 4,600 | 에러: 0
[진행률] 4,700/63,530 (7.4%) | 속도: 135.7 이미지/초 | 남은시간: 7.2분 | 성공: 4,700 | 에러: 0
[진행률] 4,800/63,530 (7.6%) | 속도: 135.9 이미지/초 | 남은시간: 7.2분 | 성공: 4,800 | 에러: 0
[진행률] 4,900/63,530 (7.7%) | 속도: 136.0 이미지/초 | 남은시간: 7.2분 | 성공: 4,900 | 에러: 0
[진행률] 5,000/63,530 (7.9%) | 속도: 136.0 이미지/초 | 남은시간: 7.2분 | 성공: 5,000 | 에러: 0
[진행률] 5,100/63,530 (8.0%) | 속도: 136.2 이미지/초 | 남은시간: 7.1분 | 성공: 5,100 | 에러: 0
[진행률] 5,200/63,530 (8.2%) | 속도: 136.2 이미지/초 | 남은시간: 7.1분 | 성공: 5,200 | 에러: 0
[진행률] 5,300/63,530 (8.3%) | 속도: 136.3 이미지/초 | 남은시간: 7.1분 | 성공: 5,300 | 에러: 0
[진행률] 5,400/63,530 (8.5%) | 속도: 136.4 이미지/초 | 남은시간: 7.1분 | 성공: 5,400 | 에러: 0
[진행률] 5,500/63,530 (8.7%) | 속도: 136.5 이미지/초 | 남은시간: 7.1분 | 성공: 5,500 | 에러: 0
[진행률] 5,600/63,530 (8.8%) | 속도: 136.7 이미지/초 | 남은시간: 7.1분 | 성공: 5,600 | 에러: 0
[진행률] 5,700/63,530 (9.0%) | 속도: 136.5 이미지/초 | 남은시간: 7.1분 | 성공: 5,700 | 에러: 0
[진행률] 5,800/63,530 (9.1%) | 속도: 136.0 이미지/초 | 남은시간: 7.1분 | 성공: 5,800 | 에러: 0
[진행률] 5,900/63,530 (9.3%) | 속도: 135.8 이미지/초 | 남은시간: 7.1분 | 성공: 5,900 | 에러: 0
[진행률] 6,000/63,530 (9.4%) | 속도: 135.9 이미지/초 | 남은시간: 7.1분 | 성공: 6,000 | 에러: 0
[진행률] 6,100/63,530 (9.6%) | 속도: 135.9 이미지/초 | 남은시간: 7.0분 | 성공: 6,100 | 에러: 0
[진행률] 6,200/63,530 (9.8%) | 속도: 136.1 이미지/초 | 남은시간: 7.0분 | 성공: 6,200 | 에러: 0
[진행률] 6,300/63,530 (9.9%) | 속도: 136.2 이미지/초 | 남은시간: 7.0분 | 성공: 6,300 | 에러: 0
[진행률] 6,400/63,530 (10.1%) | 속도: 136.2 이미지/초 | 남은시간: 7.0분 | 성공: 6,400 | 에러: 0
[진행률] 6,500/63,530 (10.2%) | 속도: 136.2 이미지/초 | 남은시간: 7.0분 | 성공: 6,500 | 에러: 0
[진행률] 6,600/63,530 (10.4%) | 속도: 136.3 이미지/초 | 남은시간: 7.0분 | 성공: 6,600 | 에러: 0
[진행률] 6,700/63,530 (10.5%) | 속도: 136.4 이미지/초 | 남은시간: 6.9분 | 성공: 6,700 | 에러: 0
[진행률] 6,800/63,530 (10.7%) | 속도: 136.5 이미지/초 | 남은시간: 6.9분 | 성공: 6,800 | 에러: 0
[진행률] 6,900/63,530 (10.9%) | 속도: 136.6 이미지/초 | 남은시간: 6.9분 | 성공: 6,900 | 에러: 0
[진행률] 7,000/63,530 (11.0%) | 속도: 136.6 이미지/초 | 남은시간: 6.9분 | 성공: 7,000 | 에러: 0
[진행률] 7,100/63,530 (11.2%) | 속도: 136.6 이미지/초 | 남은시간: 6.9분 | 성공: 7,100 | 에러: 0
[진행률] 7,200/63,530 (11.3%) | 속도: 136.7 이미지/초 | 남은시간: 6.9분 | 성공: 7,200 | 에러: 0
[진행률] 7,300/63,530 (11.5%) | 속도: 136.7 이미지/초 | 남은시간: 6.9분 | 성공: 7,300 | 에러: 0
[진행률] 7,400/63,530 (11.6%) | 속도: 136.8 이미지/초 | 남은시간: 6.8분 | 성공: 7,400 | 에러: 0
[진행률] 7,500/63,530 (11.8%) | 속도: 136.9 이미지/초 | 남은시간: 6.8분 | 성공: 7,500 | 에러: 0
[진행률] 7,600/63,530 (12.0%) | 속도: 136.9 이미지/초 | 남은시간: 6.8분 | 성공: 7,600 | 에러: 0
[진행률] 7,700/63,530 (12.1%) | 속도: 137.1 이미지/초 | 남은시간: 6.8분 | 성공: 7,700 | 에러: 0
[진행률] 7,800/63,530 (12.3%) | 속도: 137.1 이미지/초 | 남은시간: 6.8분 | 성공: 7,800 | 에러: 0
[진행률] 7,900/63,530 (12.4%) | 속도: 137.1 이미지/초 | 남은시간: 6.8분 | 성공: 7,900 | 에러: 0
[진행률] 8,000/63,530 (12.6%) | 속도: 136.9 이미지/초 | 남은시간: 6.8분 | 성공: 8,000 | 에러: 0
[진행률] 8,100/63,530 (12.7%) | 속도: 136.9 이미지/초 | 남은시간: 6.7분 | 성공: 8,100 | 에러: 0
[진행률] 8,200/63,530 (12.9%) | 속도: 137.0 이미지/초 | 남은시간: 6.7분 | 성공: 8,200 | 에러: 0
[진행률] 8,300/63,530 (13.1%) | 속도: 137.0 이미지/초 | 남은시간: 6.7분 | 성공: 8,300 | 에러: 0
[진행률] 8,400/63,530 (13.2%) | 속도: 137.0 이미지/초 | 남은시간: 6.7분 | 성공: 8,400 | 에러: 0
[진행률] 8,500/63,530 (13.4%) | 속도: 137.1 이미지/초 | 남은시간: 6.7분 | 성공: 8,500 | 에러: 0
[진행률] 8,600/63,530 (13.5%) | 속도: 137.2 이미지/초 | 남은시간: 6.7분 | 성공: 8,600 | 에러: 0
[진행률] 8,700/63,530 (13.7%) | 속도: 137.1 이미지/초 | 남은시간: 6.7분 | 성공: 8,700 | 에러: 0
[진행률] 8,800/63,530 (13.9%) | 속도: 136.8 이미지/초 | 남은시간: 6.7분 | 성공: 8,800 | 에러: 0
[진행률] 8,900/63,530 (14.0%) | 속도: 136.8 이미지/초 | 남은시간: 6.7분 | 성공: 8,900 | 에러: 0
[진행률] 9,000/63,530 (14.2%) | 속도: 136.9 이미지/초 | 남은시간: 6.6분 | 성공: 9,000 | 에러: 0
[진행률] 9,100/63,530 (14.3%) | 속도: 136.9 이미지/초 | 남은시간: 6.6분 | 성공: 9,100 | 에러: 0
[진행률] 9,200/63,530 (14.5%) | 속도: 136.9 이미지/초 | 남은시간: 6.6분 | 성공: 9,200 | 에러: 0
[진행률] 9,300/63,530 (14.6%) | 속도: 136.9 이미지/초 | 남은시간: 6.6분 | 성공: 9,300 | 에러: 0
[진행률] 9,400/63,530 (14.8%) | 속도: 137.0 이미지/초 | 남은시간: 6.6분 | 성공: 9,400 | 에러: 0
[진행률] 9,500/63,530 (15.0%) | 속도: 136.8 이미지/초 | 남은시간: 6.6분 | 성공: 9,500 | 에러: 0
[진행률] 9,600/63,530 (15.1%) | 속도: 136.7 이미지/초 | 남은시간: 6.6분 | 성공: 9,600 | 에러: 0
[진행률] 9,700/63,530 (15.3%) | 속도: 136.7 이미지/초 | 남은시간: 6.6분 | 성공: 9,700 | 에러: 0
[진행률] 9,800/63,530 (15.4%) | 속도: 136.7 이미지/초 | 남은시간: 6.5분 | 성공: 9,800 | 에러: 0
[진행률] 9,900/63,530 (15.6%) | 속도: 136.7 이미지/초 | 남은시간: 6.5분 | 성공: 9,900 | 에러: 0
[진행률] 10,000/63,530 (15.7%) | 속도: 136.8 이미지/초 | 남은시간: 6.5분 | 성공: 10,000 | 에러: 0
[진행률] 10,100/63,530 (15.9%) | 속도: 136.8 이미지/초 | 남은시간: 6.5분 | 성공: 10,100 | 에러: 0
[진행률] 10,200/63,530 (16.1%) | 속도: 136.8 이미지/초 | 남은시간: 6.5분 | 성공: 10,200 | 에러: 0
[진행률] 10,300/63,530 (16.2%) | 속도: 136.6 이미지/초 | 남은시간: 6.5분 | 성공: 10,300 | 에러: 0
[진행률] 10,400/63,530 (16.4%) | 속도: 136.6 이미지/초 | 남은시간: 6.5분 | 성공: 10,400 | 에러: 0
[진행률] 10,500/63,530 (16.5%) | 속도: 136.6 이미지/초 | 남은시간: 6.5분 | 성공: 10,500 | 에러: 0
[진행률] 10,600/63,530 (16.7%) | 속도: 136.6 이미지/초 | 남은시간: 6.5분 | 성공: 10,600 | 에러: 0
[진행률] 10,700/63,530 (16.8%) | 속도: 136.7 이미지/초 | 남은시간: 6.4분 | 성공: 10,700 | 에러: 0
[진행률] 10,800/63,530 (17.0%) | 속도: 136.6 이미지/초 | 남은시간: 6.4분 | 성공: 10,800 | 에러: 0
[진행률] 10,900/63,530 (17.2%) | 속도: 136.7 이미지/초 | 남은시간: 6.4분 | 성공: 10,900 | 에러: 0
[진행률] 11,000/63,530 (17.3%) | 속도: 136.6 이미지/초 | 남은시간: 6.4분 | 성공: 11,000 | 에러: 0
[진행률] 11,100/63,530 (17.5%) | 속도: 136.3 이미지/초 | 남은시간: 6.4분 | 성공: 11,100 | 에러: 0
[진행률] 11,200/63,530 (17.6%) | 속도: 136.3 이미지/초 | 남은시간: 6.4분 | 성공: 11,200 | 에러: 0
[진행률] 11,300/63,530 (17.8%) | 속도: 136.3 이미지/초 | 남은시간: 6.4분 | 성공: 11,300 | 에러: 0
[진행률] 11,400/63,530 (17.9%) | 속도: 136.4 이미지/초 | 남은시간: 6.4분 | 성공: 11,400 | 에러: 0
[진행률] 11,500/63,530 (18.1%) | 속도: 136.5 이미지/초 | 남은시간: 6.4분 | 성공: 11,500 | 에러: 0
[진행률] 11,600/63,530 (18.3%) | 속도: 136.6 이미지/초 | 남은시간: 6.3분 | 성공: 11,600 | 에러: 0
[진행률] 11,700/63,530 (18.4%) | 속도: 136.6 이미지/초 | 남은시간: 6.3분 | 성공: 11,700 | 에러: 0
[진행률] 11,800/63,530 (18.6%) | 속도: 136.4 이미지/초 | 남은시간: 6.3분 | 성공: 11,800 | 에러: 0
[진행률] 11,900/63,530 (18.7%) | 속도: 136.3 이미지/초 | 남은시간: 6.3분 | 성공: 11,900 | 에러: 0
[진행률] 12,000/63,530 (18.9%) | 속도: 136.3 이미지/초 | 남은시간: 6.3분 | 성공: 12,000 | 에러: 0
[진행률] 12,100/63,530 (19.0%) | 속도: 136.3 이미지/초 | 남은시간: 6.3분 | 성공: 12,100 | 에러: 0
[진행률] 12,200/63,530 (19.2%) | 속도: 136.4 이미지/초 | 남은시간: 6.3분 | 성공: 12,200 | 에러: 0
[진행률] 12,300/63,530 (19.4%) | 속도: 136.4 이미지/초 | 남은시간: 6.3분 | 성공: 12,300 | 에러: 0
[진행률] 12,400/63,530 (19.5%) | 속도: 136.5 이미지/초 | 남은시간: 6.2분 | 성공: 12,400 | 에러: 0
[진행률] 12,500/63,530 (19.7%) | 속도: 136.4 이미지/초 | 남은시간: 6.2분 | 성공: 12,500 | 에러: 0
[진행률] 12,600/63,530 (19.8%) | 속도: 136.2 이미지/초 | 남은시간: 6.2분 | 성공: 12,600 | 에러: 0
[진행률] 12,700/63,530 (20.0%) | 속도: 136.2 이미지/초 | 남은시간: 6.2분 | 성공: 12,700 | 에러: 0
[진행률] 12,800/63,530 (20.1%) | 속도: 136.3 이미지/초 | 남은시간: 6.2분 | 성공: 12,800 | 에러: 0
[진행률] 12,900/63,530 (20.3%) | 속도: 136.3 이미지/초 | 남은시간: 6.2분 | 성공: 12,900 | 에러: 0
[진행률] 13,000/63,530 (20.5%) | 속도: 136.4 이미지/초 | 남은시간: 6.2분 | 성공: 13,000 | 에러: 0
[진행률] 13,100/63,530 (20.6%) | 속도: 136.4 이미지/초 | 남은시간: 6.2분 | 성공: 13,100 | 에러: 0
[진행률] 13,200/63,530 (20.8%) | 속도: 136.4 이미지/초 | 남은시간: 6.1분 | 성공: 13,200 | 에러: 0
[진행률] 13,300/63,530 (20.9%) | 속도: 136.3 이미지/초 | 남은시간: 6.1분 | 성공: 13,300 | 에러: 0
[진행률] 13,400/63,530 (21.1%) | 속도: 136.1 이미지/초 | 남은시간: 6.1분 | 성공: 13,400 | 에러: 0
[진행률] 13,500/63,530 (21.2%) | 속도: 136.2 이미지/초 | 남은시간: 6.1분 | 성공: 13,500 | 에러: 0
[진행률] 13,600/63,530 (21.4%) | 속도: 136.3 이미지/초 | 남은시간: 6.1분 | 성공: 13,600 | 에러: 0
[진행률] 13,700/63,530 (21.6%) | 속도: 136.3 이미지/초 | 남은시간: 6.1분 | 성공: 13,700 | 에러: 0
[진행률] 13,800/63,530 (21.7%) | 속도: 136.3 이미지/초 | 남은시간: 6.1분 | 성공: 13,800 | 에러: 0
[진행률] 13,900/63,530 (21.9%) | 속도: 136.4 이미지/초 | 남은시간: 6.1분 | 성공: 13,900 | 에러: 0
[진행률] 14,000/63,530 (22.0%) | 속도: 136.4 이미지/초 | 남은시간: 6.1분 | 성공: 14,000 | 에러: 0
[진행률] 14,100/63,530 (22.2%) | 속도: 136.2 이미지/초 | 남은시간: 6.0분 | 성공: 14,100 | 에러: 0
[진행률] 14,200/63,530 (22.4%) | 속도: 136.2 이미지/초 | 남은시간: 6.0분 | 성공: 14,200 | 에러: 0
[진행률] 14,300/63,530 (22.5%) | 속도: 136.2 이미지/초 | 남은시간: 6.0분 | 성공: 14,300 | 에러: 0
[진행률] 14,400/63,530 (22.7%) | 속도: 136.3 이미지/초 | 남은시간: 6.0분 | 성공: 14,400 | 에러: 0
[진행률] 14,500/63,530 (22.8%) | 속도: 136.3 이미지/초 | 남은시간: 6.0분 | 성공: 14,500 | 에러: 0
[진행률] 14,600/63,530 (23.0%) | 속도: 136.4 이미지/초 | 남은시간: 6.0분 | 성공: 14,600 | 에러: 0
[진행률] 14,700/63,530 (23.1%) | 속도: 136.5 이미지/초 | 남은시간: 6.0분 | 성공: 14,700 | 에러: 0
[진행률] 14,800/63,530 (23.3%) | 속도: 136.4 이미지/초 | 남은시간: 6.0분 | 성공: 14,800 | 에러: 0
[진행률] 14,900/63,530 (23.5%) | 속도: 136.3 이미지/초 | 남은시간: 5.9분 | 성공: 14,900 | 에러: 0
[진행률] 15,000/63,530 (23.6%) | 속도: 136.3 이미지/초 | 남은시간: 5.9분 | 성공: 15,000 | 에러: 0
[진행률] 15,100/63,530 (23.8%) | 속도: 136.3 이미지/초 | 남은시간: 5.9분 | 성공: 15,100 | 에러: 0
[진행률] 15,200/63,530 (23.9%) | 속도: 136.4 이미지/초 | 남은시간: 5.9분 | 성공: 15,200 | 에러: 0
[진행률] 15,300/63,530 (24.1%) | 속도: 136.4 이미지/초 | 남은시간: 5.9분 | 성공: 15,300 | 에러: 0
[진행률] 15,400/63,530 (24.2%) | 속도: 136.5 이미지/초 | 남은시간: 5.9분 | 성공: 15,400 | 에러: 0
[진행률] 15,500/63,530 (24.4%) | 속도: 136.5 이미지/초 | 남은시간: 5.9분 | 성공: 15,500 | 에러: 0
[진행률] 15,600/63,530 (24.6%) | 속도: 136.5 이미지/초 | 남은시간: 5.9분 | 성공: 15,600 | 에러: 0
[진행률] 15,700/63,530 (24.7%) | 속도: 136.3 이미지/초 | 남은시간: 5.8분 | 성공: 15,700 | 에러: 0
[진행률] 15,800/63,530 (24.9%) | 속도: 136.4 이미지/초 | 남은시간: 5.8분 | 성공: 15,800 | 에러: 0
[진행률] 15,900/63,530 (25.0%) | 속도: 136.4 이미지/초 | 남은시간: 5.8분 | 성공: 15,900 | 에러: 0
[진행률] 16,000/63,530 (25.2%) | 속도: 136.4 이미지/초 | 남은시간: 5.8분 | 성공: 16,000 | 에러: 0
[진행률] 16,100/63,530 (25.3%) | 속도: 136.5 이미지/초 | 남은시간: 5.8분 | 성공: 16,100 | 에러: 0
[진행률] 16,200/63,530 (25.5%) | 속도: 136.5 이미지/초 | 남은시간: 5.8분 | 성공: 16,200 | 에러: 0
[진행률] 16,300/63,530 (25.7%) | 속도: 136.6 이미지/초 | 남은시간: 5.8분 | 성공: 16,300 | 에러: 0
[진행률] 16,400/63,530 (25.8%) | 속도: 136.5 이미지/초 | 남은시간: 5.8분 | 성공: 16,400 | 에러: 0
[진행률] 16,500/63,530 (26.0%) | 속도: 136.4 이미지/초 | 남은시간: 5.7분 | 성공: 16,500 | 에러: 0
[진행률] 16,600/63,530 (26.1%) | 속도: 136.5 이미지/초 | 남은시간: 5.7분 | 성공: 16,600 | 에러: 0
[진행률] 16,700/63,530 (26.3%) | 속도: 136.5 이미지/초 | 남은시간: 5.7분 | 성공: 16,700 | 에러: 0
[진행률] 16,800/63,530 (26.4%) | 속도: 136.5 이미지/초 | 남은시간: 5.7분 | 성공: 16,800 | 에러: 0
[진행률] 16,900/63,530 (26.6%) | 속도: 136.6 이미지/초 | 남은시간: 5.7분 | 성공: 16,900 | 에러: 0
[진행률] 17,000/63,530 (26.8%) | 속도: 136.6 이미지/초 | 남은시간: 5.7분 | 성공: 17,000 | 에러: 0
[진행률] 17,100/63,530 (26.9%) | 속도: 136.7 이미지/초 | 남은시간: 5.7분 | 성공: 17,100 | 에러: 0
[진행률] 17,200/63,530 (27.1%) | 속도: 136.6 이미지/초 | 남은시간: 5.7분 | 성공: 17,200 | 에러: 0
[진행률] 17,300/63,530 (27.2%) | 속도: 136.5 이미지/초 | 남은시간: 5.6분 | 성공: 17,300 | 에러: 0
[진행률] 17,400/63,530 (27.4%) | 속도: 136.5 이미지/초 | 남은시간: 5.6분 | 성공: 17,400 | 에러: 0
[진행률] 17,500/63,530 (27.5%) | 속도: 136.6 이미지/초 | 남은시간: 5.6분 | 성공: 17,500 | 에러: 0
[진행률] 17,600/63,530 (27.7%) | 속도: 136.6 이미지/초 | 남은시간: 5.6분 | 성공: 17,600 | 에러: 0
[진행률] 17,700/63,530 (27.9%) | 속도: 136.6 이미지/초 | 남은시간: 5.6분 | 성공: 17,700 | 에러: 0
[진행률] 17,800/63,530 (28.0%) | 속도: 136.7 이미지/초 | 남은시간: 5.6분 | 성공: 17,800 | 에러: 0
[진행률] 17,900/63,530 (28.2%) | 속도: 136.7 이미지/초 | 남은시간: 5.6분 | 성공: 17,900 | 에러: 0
[진행률] 18,000/63,530 (28.3%) | 속도: 136.5 이미지/초 | 남은시간: 5.6분 | 성공: 18,000 | 에러: 0
[진행률] 18,100/63,530 (28.5%) | 속도: 136.6 이미지/초 | 남은시간: 5.5분 | 성공: 18,100 | 에러: 0
[진행률] 18,200/63,530 (28.6%) | 속도: 136.6 이미지/초 | 남은시간: 5.5분 | 성공: 18,200 | 에러: 0
[진행률] 18,300/63,530 (28.8%) | 속도: 136.6 이미지/초 | 남은시간: 5.5분 | 성공: 18,300 | 에러: 0
[진행률] 18,400/63,530 (29.0%) | 속도: 136.7 이미지/초 | 남은시간: 5.5분 | 성공: 18,400 | 에러: 0
[진행률] 18,500/63,530 (29.1%) | 속도: 136.7 이미지/초 | 남은시간: 5.5분 | 성공: 18,500 | 에러: 0
[진행률] 18,600/63,530 (29.3%) | 속도: 136.8 이미지/초 | 남은시간: 5.5분 | 성공: 18,600 | 에러: 0
[진행률] 18,700/63,530 (29.4%) | 속도: 136.8 이미지/초 | 남은시간: 5.5분 | 성공: 18,700 | 에러: 0
[진행률] 18,800/63,530 (29.6%) | 속도: 136.6 이미지/초 | 남은시간: 5.5분 | 성공: 18,800 | 에러: 0
[진행률] 18,900/63,530 (29.7%) | 속도: 136.6 이미지/초 | 남은시간: 5.4분 | 성공: 18,900 | 에러: 0
[진행률] 19,000/63,530 (29.9%) | 속도: 136.7 이미지/초 | 남은시간: 5.4분 | 성공: 19,000 | 에러: 0
[진행률] 19,100/63,530 (30.1%) | 속도: 136.8 이미지/초 | 남은시간: 5.4분 | 성공: 19,100 | 에러: 0
[진행률] 19,200/63,530 (30.2%) | 속도: 136.8 이미지/초 | 남은시간: 5.4분 | 성공: 19,200 | 에러: 0
[진행률] 19,300/63,530 (30.4%) | 속도: 136.8 이미지/초 | 남은시간: 5.4분 | 성공: 19,300 | 에러: 0
[진행률] 19,400/63,530 (30.5%) | 속도: 136.8 이미지/초 | 남은시간: 5.4분 | 성공: 19,400 | 에러: 0
[진행률] 19,500/63,530 (30.7%) | 속도: 136.8 이미지/초 | 남은시간: 5.4분 | 성공: 19,500 | 에러: 0
[진행률] 19,600/63,530 (30.9%) | 속도: 136.7 이미지/초 | 남은시간: 5.4분 | 성공: 19,600 | 에러: 0
[진행률] 19,700/63,530 (31.0%) | 속도: 136.7 이미지/초 | 남은시간: 5.3분 | 성공: 19,700 | 에러: 0
[진행률] 19,800/63,530 (31.2%) | 속도: 136.7 이미지/초 | 남은시간: 5.3분 | 성공: 19,800 | 에러: 0
[진행률] 19,900/63,530 (31.3%) | 속도: 136.8 이미지/초 | 남은시간: 5.3분 | 성공: 19,900 | 에러: 0
[진행률] 20,000/63,530 (31.5%) | 속도: 136.8 이미지/초 | 남은시간: 5.3분 | 성공: 20,000 | 에러: 0
[진행률] 20,100/63,530 (31.6%) | 속도: 136.8 이미지/초 | 남은시간: 5.3분 | 성공: 20,100 | 에러: 0
[진행률] 20,200/63,530 (31.8%) | 속도: 136.8 이미지/초 | 남은시간: 5.3분 | 성공: 20,200 | 에러: 0
[진행률] 20,300/63,530 (32.0%) | 속도: 136.7 이미지/초 | 남은시간: 5.3분 | 성공: 20,300 | 에러: 0
[진행률] 20,400/63,530 (32.1%) | 속도: 136.7 이미지/초 | 남은시간: 5.3분 | 성공: 20,400 | 에러: 0
[진행률] 20,500/63,530 (32.3%) | 속도: 136.7 이미지/초 | 남은시간: 5.2분 | 성공: 20,500 | 에러: 0
[진행률] 20,600/63,530 (32.4%) | 속도: 136.7 이미지/초 | 남은시간: 5.2분 | 성공: 20,600 | 에러: 0
[진행률] 20,700/63,530 (32.6%) | 속도: 136.7 이미지/초 | 남은시간: 5.2분 | 성공: 20,700 | 에러: 0
[진행률] 20,800/63,530 (32.7%) | 속도: 136.8 이미지/초 | 남은시간: 5.2분 | 성공: 20,800 | 에러: 0
[진행률] 20,900/63,530 (32.9%) | 속도: 136.8 이미지/초 | 남은시간: 5.2분 | 성공: 20,900 | 에러: 0
[진행률] 21,000/63,530 (33.1%) | 속도: 136.9 이미지/초 | 남은시간: 5.2분 | 성공: 21,000 | 에러: 0
[진행률] 21,100/63,530 (33.2%) | 속도: 136.7 이미지/초 | 남은시간: 5.2분 | 성공: 21,100 | 에러: 0
[진행률] 21,200/63,530 (33.4%) | 속도: 136.7 이미지/초 | 남은시간: 5.2분 | 성공: 21,200 | 에러: 0
[진행률] 21,300/63,530 (33.5%) | 속도: 136.7 이미지/초 | 남은시간: 5.1분 | 성공: 21,300 | 에러: 0
[진행률] 21,400/63,530 (33.7%) | 속도: 136.7 이미지/초 | 남은시간: 5.1분 | 성공: 21,400 | 에러: 0
[진행률] 21,500/63,530 (33.8%) | 속도: 136.8 이미지/초 | 남은시간: 5.1분 | 성공: 21,500 | 에러: 0
[진행률] 21,600/63,530 (34.0%) | 속도: 136.8 이미지/초 | 남은시간: 5.1분 | 성공: 21,600 | 에러: 0
[진행률] 21,700/63,530 (34.2%) | 속도: 136.8 이미지/초 | 남은시간: 5.1분 | 성공: 21,700 | 에러: 0
[진행률] 21,800/63,530 (34.3%) | 속도: 136.8 이미지/초 | 남은시간: 5.1분 | 성공: 21,800 | 에러: 0
[진행률] 21,900/63,530 (34.5%) | 속도: 136.7 이미지/초 | 남은시간: 5.1분 | 성공: 21,900 | 에러: 0
[진행률] 22,000/63,530 (34.6%) | 속도: 136.7 이미지/초 | 남은시간: 5.1분 | 성공: 22,000 | 에러: 0
[진행률] 22,100/63,530 (34.8%) | 속도: 136.7 이미지/초 | 남은시간: 5.1분 | 성공: 22,100 | 에러: 0
[진행률] 22,200/63,530 (34.9%) | 속도: 136.6 이미지/초 | 남은시간: 5.0분 | 성공: 22,200 | 에러: 0
[진행률] 22,300/63,530 (35.1%) | 속도: 136.7 이미지/초 | 남은시간: 5.0분 | 성공: 22,300 | 에러: 0
[진행률] 22,400/63,530 (35.3%) | 속도: 136.7 이미지/초 | 남은시간: 5.0분 | 성공: 22,400 | 에러: 0
[진행률] 22,500/63,530 (35.4%) | 속도: 136.7 이미지/초 | 남은시간: 5.0분 | 성공: 22,500 | 에러: 0
[진행률] 22,600/63,530 (35.6%) | 속도: 136.6 이미지/초 | 남은시간: 5.0분 | 성공: 22,600 | 에러: 0
[진행률] 22,700/63,530 (35.7%) | 속도: 136.6 이미지/초 | 남은시간: 5.0분 | 성공: 22,700 | 에러: 0
[진행률] 22,800/63,530 (35.9%) | 속도: 136.7 이미지/초 | 남은시간: 5.0분 | 성공: 22,800 | 에러: 0
[진행률] 22,900/63,530 (36.0%) | 속도: 136.7 이미지/초 | 남은시간: 5.0분 | 성공: 22,900 | 에러: 0
[진행률] 23,000/63,530 (36.2%) | 속도: 136.7 이미지/초 | 남은시간: 4.9분 | 성공: 23,000 | 에러: 0
[진행률] 23,100/63,530 (36.4%) | 속도: 136.8 이미지/초 | 남은시간: 4.9분 | 성공: 23,100 | 에러: 0
[진행률] 23,200/63,530 (36.5%) | 속도: 136.7 이미지/초 | 남은시간: 4.9분 | 성공: 23,200 | 에러: 0
[진행률] 23,300/63,530 (36.7%) | 속도: 136.6 이미지/초 | 남은시간: 4.9분 | 성공: 23,300 | 에러: 0
[진행률] 23,400/63,530 (36.8%) | 속도: 136.5 이미지/초 | 남은시간: 4.9분 | 성공: 23,400 | 에러: 0
[진행률] 23,500/63,530 (37.0%) | 속도: 136.6 이미지/초 | 남은시간: 4.9분 | 성공: 23,500 | 에러: 0
[진행률] 23,600/63,530 (37.1%) | 속도: 136.6 이미지/초 | 남은시간: 4.9분 | 성공: 23,600 | 에러: 0
[진행률] 23,700/63,530 (37.3%) | 속도: 136.6 이미지/초 | 남은시간: 4.9분 | 성공: 23,700 | 에러: 0
[진행률] 23,800/63,530 (37.5%) | 속도: 136.6 이미지/초 | 남은시간: 4.8분 | 성공: 23,800 | 에러: 0
[진행률] 23,900/63,530 (37.6%) | 속도: 136.7 이미지/초 | 남은시간: 4.8분 | 성공: 23,900 | 에러: 0
[진행률] 24,000/63,530 (37.8%) | 속도: 136.7 이미지/초 | 남은시간: 4.8분 | 성공: 24,000 | 에러: 0
[진행률] 24,100/63,530 (37.9%) | 속도: 136.7 이미지/초 | 남은시간: 4.8분 | 성공: 24,100 | 에러: 0
[진행률] 24,200/63,530 (38.1%) | 속도: 136.6 이미지/초 | 남은시간: 4.8분 | 성공: 24,200 | 에러: 0
[진행률] 24,300/63,530 (38.2%) | 속도: 136.7 이미지/초 | 남은시간: 4.8분 | 성공: 24,300 | 에러: 0
[진행률] 24,400/63,530 (38.4%) | 속도: 136.7 이미지/초 | 남은시간: 4.8분 | 성공: 24,400 | 에러: 0
[진행률] 24,500/63,530 (38.6%) | 속도: 136.7 이미지/초 | 남은시간: 4.8분 | 성공: 24,500 | 에러: 0
[진행률] 24,600/63,530 (38.7%) | 속도: 136.7 이미지/초 | 남은시간: 4.7분 | 성공: 24,600 | 에러: 0
[진행률] 24,700/63,530 (38.9%) | 속도: 136.7 이미지/초 | 남은시간: 4.7분 | 성공: 24,700 | 에러: 0
[진행률] 24,800/63,530 (39.0%) | 속도: 136.8 이미지/초 | 남은시간: 4.7분 | 성공: 24,800 | 에러: 0
[진행률] 24,900/63,530 (39.2%) | 속도: 136.7 이미지/초 | 남은시간: 4.7분 | 성공: 24,900 | 에러: 0
[진행률] 25,000/63,530 (39.4%) | 속도: 136.7 이미지/초 | 남은시간: 4.7분 | 성공: 25,000 | 에러: 0
[진행률] 25,100/63,530 (39.5%) | 속도: 136.7 이미지/초 | 남은시간: 4.7분 | 성공: 25,100 | 에러: 0
[진행률] 25,200/63,530 (39.7%) | 속도: 136.7 이미지/초 | 남은시간: 4.7분 | 성공: 25,200 | 에러: 0
[진행률] 25,300/63,530 (39.8%) | 속도: 136.7 이미지/초 | 남은시간: 4.7분 | 성공: 25,300 | 에러: 0
[진행률] 25,400/63,530 (40.0%) | 속도: 136.8 이미지/초 | 남은시간: 4.6분 | 성공: 25,400 | 에러: 0
[진행률] 25,500/63,530 (40.1%) | 속도: 136.8 이미지/초 | 남은시간: 4.6분 | 성공: 25,500 | 에러: 0
[진행률] 25,600/63,530 (40.3%) | 속도: 136.8 이미지/초 | 남은시간: 4.6분 | 성공: 25,600 | 에러: 0
[진행률] 25,700/63,530 (40.5%) | 속도: 136.7 이미지/초 | 남은시간: 4.6분 | 성공: 25,700 | 에러: 0
[진행률] 25,800/63,530 (40.6%) | 속도: 136.7 이미지/초 | 남은시간: 4.6분 | 성공: 25,800 | 에러: 0
[진행률] 25,900/63,530 (40.8%) | 속도: 136.7 이미지/초 | 남은시간: 4.6분 | 성공: 25,900 | 에러: 0
[진행률] 26,000/63,530 (40.9%) | 속도: 136.7 이미지/초 | 남은시간: 4.6분 | 성공: 26,000 | 에러: 0
[진행률] 26,100/63,530 (41.1%) | 속도: 136.8 이미지/초 | 남은시간: 4.6분 | 성공: 26,100 | 에러: 0
[진행률] 26,200/63,530 (41.2%) | 속도: 136.8 이미지/초 | 남은시간: 4.5분 | 성공: 26,200 | 에러: 0
[진행률] 26,300/63,530 (41.4%) | 속도: 136.8 이미지/초 | 남은시간: 4.5분 | 성공: 26,300 | 에러: 0
[진행률] 26,400/63,530 (41.6%) | 속도: 136.8 이미지/초 | 남은시간: 4.5분 | 성공: 26,400 | 에러: 0
[진행률] 26,500/63,530 (41.7%) | 속도: 136.7 이미지/초 | 남은시간: 4.5분 | 성공: 26,500 | 에러: 0
[진행률] 26,600/63,530 (41.9%) | 속도: 136.7 이미지/초 | 남은시간: 4.5분 | 성공: 26,600 | 에러: 0
[진행률] 26,700/63,530 (42.0%) | 속도: 136.7 이미지/초 | 남은시간: 4.5분 | 성공: 26,700 | 에러: 0
[진행률] 26,800/63,530 (42.2%) | 속도: 136.7 이미지/초 | 남은시간: 4.5분 | 성공: 26,800 | 에러: 0
[진행률] 26,900/63,530 (42.3%) | 속도: 136.7 이미지/초 | 남은시간: 4.5분 | 성공: 26,900 | 에러: 0
[진행률] 27,000/63,530 (42.5%) | 속도: 136.8 이미지/초 | 남은시간: 4.5분 | 성공: 27,000 | 에러: 0
[진행률] 27,100/63,530 (42.7%) | 속도: 136.8 이미지/초 | 남은시간: 4.4분 | 성공: 27,100 | 에러: 0
[진행률] 27,200/63,530 (42.8%) | 속도: 136.8 이미지/초 | 남은시간: 4.4분 | 성공: 27,200 | 에러: 0
[진행률] 27,300/63,530 (43.0%) | 속도: 136.7 이미지/초 | 남은시간: 4.4분 | 성공: 27,300 | 에러: 0
[진행률] 27,400/63,530 (43.1%) | 속도: 136.7 이미지/초 | 남은시간: 4.4분 | 성공: 27,400 | 에러: 0
[진행률] 27,500/63,530 (43.3%) | 속도: 136.8 이미지/초 | 남은시간: 4.4분 | 성공: 27,500 | 에러: 0
[진행률] 27,600/63,530 (43.4%) | 속도: 136.8 이미지/초 | 남은시간: 4.4분 | 성공: 27,600 | 에러: 0
[진행률] 27,700/63,530 (43.6%) | 속도: 136.8 이미지/초 | 남은시간: 4.4분 | 성공: 27,700 | 에러: 0
[진행률] 27,800/63,530 (43.8%) | 속도: 136.8 이미지/초 | 남은시간: 4.4분 | 성공: 27,800 | 에러: 0
[진행률] 27,900/63,530 (43.9%) | 속도: 136.9 이미지/초 | 남은시간: 4.3분 | 성공: 27,900 | 에러: 0
[진행률] 28,000/63,530 (44.1%) | 속도: 136.8 이미지/초 | 남은시간: 4.3분 | 성공: 28,000 | 에러: 0
[진행률] 28,100/63,530 (44.2%) | 속도: 136.8 이미지/초 | 남은시간: 4.3분 | 성공: 28,100 | 에러: 0
[진행률] 28,200/63,530 (44.4%) | 속도: 136.8 이미지/초 | 남은시간: 4.3분 | 성공: 28,200 | 에러: 0
[진행률] 28,300/63,530 (44.5%) | 속도: 136.8 이미지/초 | 남은시간: 4.3분 | 성공: 28,300 | 에러: 0
[진행률] 28,400/63,530 (44.7%) | 속도: 136.9 이미지/초 | 남은시간: 4.3분 | 성공: 28,400 | 에러: 0
[진행률] 28,500/63,530 (44.9%) | 속도: 136.9 이미지/초 | 남은시간: 4.3분 | 성공: 28,500 | 에러: 0
[진행률] 28,600/63,530 (45.0%) | 속도: 136.9 이미지/초 | 남은시간: 4.3분 | 성공: 28,600 | 에러: 0
[진행률] 28,700/63,530 (45.2%) | 속도: 136.9 이미지/초 | 남은시간: 4.2분 | 성공: 28,700 | 에러: 0
[진행률] 28,800/63,530 (45.3%) | 속도: 136.8 이미지/초 | 남은시간: 4.2분 | 성공: 28,800 | 에러: 0
[진행률] 28,900/63,530 (45.5%) | 속도: 136.8 이미지/초 | 남은시간: 4.2분 | 성공: 28,900 | 에러: 0
[진행률] 29,000/63,530 (45.6%) | 속도: 136.8 이미지/초 | 남은시간: 4.2분 | 성공: 29,000 | 에러: 0
[진행률] 29,100/63,530 (45.8%) | 속도: 136.8 이미지/초 | 남은시간: 4.2분 | 성공: 29,100 | 에러: 0
[진행률] 29,200/63,530 (46.0%) | 속도: 136.9 이미지/초 | 남은시간: 4.2분 | 성공: 29,200 | 에러: 0
[진행률] 29,300/63,530 (46.1%) | 속도: 136.9 이미지/초 | 남은시간: 4.2분 | 성공: 29,300 | 에러: 0
[진행률] 29,400/63,530 (46.3%) | 속도: 136.9 이미지/초 | 남은시간: 4.2분 | 성공: 29,400 | 에러: 0
[진행률] 29,500/63,530 (46.4%) | 속도: 136.9 이미지/초 | 남은시간: 4.1분 | 성공: 29,500 | 에러: 0
[진행률] 29,600/63,530 (46.6%) | 속도: 136.8 이미지/초 | 남은시간: 4.1분 | 성공: 29,600 | 에러: 0
[진행률] 29,700/63,530 (46.7%) | 속도: 136.8 이미지/초 | 남은시간: 4.1분 | 성공: 29,700 | 에러: 0
[진행률] 29,800/63,530 (46.9%) | 속도: 136.9 이미지/초 | 남은시간: 4.1분 | 성공: 29,800 | 에러: 0
[진행률] 29,900/63,530 (47.1%) | 속도: 136.9 이미지/초 | 남은시간: 4.1분 | 성공: 29,900 | 에러: 0
[진행률] 30,000/63,530 (47.2%) | 속도: 136.9 이미지/초 | 남은시간: 4.1분 | 성공: 30,000 | 에러: 0
[진행률] 30,100/63,530 (47.4%) | 속도: 137.0 이미지/초 | 남은시간: 4.1분 | 성공: 30,100 | 에러: 0
[진행률] 30,200/63,530 (47.5%) | 속도: 137.0 이미지/초 | 남은시간: 4.1분 | 성공: 30,200 | 에러: 0
[진행률] 30,300/63,530 (47.7%) | 속도: 137.0 이미지/초 | 남은시간: 4.0분 | 성공: 30,300 | 에러: 0
[진행률] 30,400/63,530 (47.9%) | 속도: 136.9 이미지/초 | 남은시간: 4.0분 | 성공: 30,400 | 에러: 0
[진행률] 30,500/63,530 (48.0%) | 속도: 136.9 이미지/초 | 남은시간: 4.0분 | 성공: 30,500 | 에러: 0
[진행률] 30,600/63,530 (48.2%) | 속도: 136.9 이미지/초 | 남은시간: 4.0분 | 성공: 30,600 | 에러: 0
[진행률] 30,700/63,530 (48.3%) | 속도: 136.9 이미지/초 | 남은시간: 4.0분 | 성공: 30,700 | 에러: 0
[진행률] 30,800/63,530 (48.5%) | 속도: 136.9 이미지/초 | 남은시간: 4.0분 | 성공: 30,800 | 에러: 0
[진행률] 30,900/63,530 (48.6%) | 속도: 137.0 이미지/초 | 남은시간: 4.0분 | 성공: 30,900 | 에러: 0
[진행률] 31,000/63,530 (48.8%) | 속도: 137.0 이미지/초 | 남은시간: 4.0분 | 성공: 31,000 | 에러: 0
[진행률] 31,100/63,530 (49.0%) | 속도: 136.9 이미지/초 | 남은시간: 3.9분 | 성공: 31,100 | 에러: 0
[진행률] 31,200/63,530 (49.1%) | 속도: 136.8 이미지/초 | 남은시간: 3.9분 | 성공: 31,200 | 에러: 0
[진행률] 31,300/63,530 (49.3%) | 속도: 136.9 이미지/초 | 남은시간: 3.9분 | 성공: 31,300 | 에러: 0
[진행률] 31,400/63,530 (49.4%) | 속도: 136.9 이미지/초 | 남은시간: 3.9분 | 성공: 31,400 | 에러: 0
[진행률] 31,500/63,530 (49.6%) | 속도: 136.9 이미지/초 | 남은시간: 3.9분 | 성공: 31,500 | 에러: 0
[진행률] 31,600/63,530 (49.7%) | 속도: 136.9 이미지/초 | 남은시간: 3.9분 | 성공: 31,600 | 에러: 0
[진행률] 31,700/63,530 (49.9%) | 속도: 137.0 이미지/초 | 남은시간: 3.9분 | 성공: 31,700 | 에러: 0
[진행률] 31,800/63,530 (50.1%) | 속도: 137.0 이미지/초 | 남은시간: 3.9분 | 성공: 31,800 | 에러: 0
[진행률] 31,900/63,530 (50.2%) | 속도: 136.9 이미지/초 | 남은시간: 3.9분 | 성공: 31,900 | 에러: 0
[진행률] 32,000/63,530 (50.4%) | 속도: 136.9 이미지/초 | 남은시간: 3.8분 | 성공: 32,000 | 에러: 0
[진행률] 32,100/63,530 (50.5%) | 속도: 136.9 이미지/초 | 남은시간: 3.8분 | 성공: 32,100 | 에러: 0
[진행률] 32,200/63,530 (50.7%) | 속도: 136.9 이미지/초 | 남은시간: 3.8분 | 성공: 32,200 | 에러: 0
[진행률] 32,300/63,530 (50.8%) | 속도: 136.9 이미지/초 | 남은시간: 3.8분 | 성공: 32,300 | 에러: 0
[진행률] 32,400/63,530 (51.0%) | 속도: 136.9 이미지/초 | 남은시간: 3.8분 | 성공: 32,400 | 에러: 0
[진행률] 32,500/63,530 (51.2%) | 속도: 136.9 이미지/초 | 남은시간: 3.8분 | 성공: 32,500 | 에러: 0
[진행률] 32,600/63,530 (51.3%) | 속도: 136.9 이미지/초 | 남은시간: 3.8분 | 성공: 32,600 | 에러: 0
[진행률] 32,700/63,530 (51.5%) | 속도: 136.8 이미지/초 | 남은시간: 3.8분 | 성공: 32,700 | 에러: 0
[진행률] 32,800/63,530 (51.6%) | 속도: 136.8 이미지/초 | 남은시간: 3.7분 | 성공: 32,800 | 에러: 0
[진행률] 32,900/63,530 (51.8%) | 속도: 136.9 이미지/초 | 남은시간: 3.7분 | 성공: 32,900 | 에러: 0
[진행률] 33,000/63,530 (51.9%) | 속도: 136.9 이미지/초 | 남은시간: 3.7분 | 성공: 33,000 | 에러: 0
[진행률] 33,100/63,530 (52.1%) | 속도: 136.9 이미지/초 | 남은시간: 3.7분 | 성공: 33,100 | 에러: 0
[진행률] 33,200/63,530 (52.3%) | 속도: 136.9 이미지/초 | 남은시간: 3.7분 | 성공: 33,200 | 에러: 0
[진행률] 33,300/63,530 (52.4%) | 속도: 136.9 이미지/초 | 남은시간: 3.7분 | 성공: 33,300 | 에러: 0
[진행률] 33,400/63,530 (52.6%) | 속도: 136.9 이미지/초 | 남은시간: 3.7분 | 성공: 33,400 | 에러: 0
[진행률] 33,500/63,530 (52.7%) | 속도: 136.8 이미지/초 | 남은시간: 3.7분 | 성공: 33,500 | 에러: 0
[진행률] 33,600/63,530 (52.9%) | 속도: 136.8 이미지/초 | 남은시간: 3.6분 | 성공: 33,600 | 에러: 0
[진행률] 33,700/63,530 (53.0%) | 속도: 136.9 이미지/초 | 남은시간: 3.6분 | 성공: 33,700 | 에러: 0
[진행률] 33,800/63,530 (53.2%) | 속도: 136.9 이미지/초 | 남은시간: 3.6분 | 성공: 33,800 | 에러: 0
[진행률] 33,900/63,530 (53.4%) | 속도: 136.9 이미지/초 | 남은시간: 3.6분 | 성공: 33,900 | 에러: 0
[진행률] 34,000/63,530 (53.5%) | 속도: 136.9 이미지/초 | 남은시간: 3.6분 | 성공: 34,000 | 에러: 0
[진행률] 34,100/63,530 (53.7%) | 속도: 136.9 이미지/초 | 남은시간: 3.6분 | 성공: 34,100 | 에러: 0
[진행률] 34,200/63,530 (53.8%) | 속도: 136.9 이미지/초 | 남은시간: 3.6분 | 성공: 34,200 | 에러: 0
[진행률] 34,300/63,530 (54.0%) | 속도: 136.8 이미지/초 | 남은시간: 3.6분 | 성공: 34,300 | 에러: 0
[진행률] 34,400/63,530 (54.1%) | 속도: 136.9 이미지/초 | 남은시간: 3.5분 | 성공: 34,400 | 에러: 0
[진행률] 34,500/63,530 (54.3%) | 속도: 136.9 이미지/초 | 남은시간: 3.5분 | 성공: 34,500 | 에러: 0
[진행률] 34,600/63,530 (54.5%) | 속도: 136.9 이미지/초 | 남은시간: 3.5분 | 성공: 34,600 | 에러: 0
[진행률] 34,700/63,530 (54.6%) | 속도: 136.9 이미지/초 | 남은시간: 3.5분 | 성공: 34,700 | 에러: 0
[진행률] 34,800/63,530 (54.8%) | 속도: 136.9 이미지/초 | 남은시간: 3.5분 | 성공: 34,800 | 에러: 0
[진행률] 34,900/63,530 (54.9%) | 속도: 136.9 이미지/초 | 남은시간: 3.5분 | 성공: 34,900 | 에러: 0
[진행률] 35,000/63,530 (55.1%) | 속도: 136.9 이미지/초 | 남은시간: 3.5분 | 성공: 35,000 | 에러: 0
[진행률] 35,100/63,530 (55.2%) | 속도: 136.9 이미지/초 | 남은시간: 3.5분 | 성공: 35,100 | 에러: 0
[진행률] 35,200/63,530 (55.4%) | 속도: 136.9 이미지/초 | 남은시간: 3.4분 | 성공: 35,200 | 에러: 0
[진행률] 35,300/63,530 (55.6%) | 속도: 136.9 이미지/초 | 남은시간: 3.4분 | 성공: 35,300 | 에러: 0
[진행률] 35,400/63,530 (55.7%) | 속도: 136.9 이미지/초 | 남은시간: 3.4분 | 성공: 35,400 | 에러: 0
[진행률] 35,500/63,530 (55.9%) | 속도: 136.9 이미지/초 | 남은시간: 3.4분 | 성공: 35,500 | 에러: 0
[진행률] 35,600/63,530 (56.0%) | 속도: 136.9 이미지/초 | 남은시간: 3.4분 | 성공: 35,600 | 에러: 0
[진행률] 35,700/63,530 (56.2%) | 속도: 136.9 이미지/초 | 남은시간: 3.4분 | 성공: 35,700 | 에러: 0
[진행률] 35,800/63,530 (56.4%) | 속도: 136.8 이미지/초 | 남은시간: 3.4분 | 성공: 35,800 | 에러: 0
[진행률] 35,900/63,530 (56.5%) | 속도: 136.9 이미지/초 | 남은시간: 3.4분 | 성공: 35,900 | 에러: 0
[진행률] 36,000/63,530 (56.7%) | 속도: 136.9 이미지/초 | 남은시간: 3.4분 | 성공: 36,000 | 에러: 0
[진행률] 36,100/63,530 (56.8%) | 속도: 136.9 이미지/초 | 남은시간: 3.3분 | 성공: 36,100 | 에러: 0
[진행률] 36,200/63,530 (57.0%) | 속도: 136.8 이미지/초 | 남은시간: 3.3분 | 성공: 36,200 | 에러: 0
[진행률] 36,300/63,530 (57.1%) | 속도: 136.7 이미지/초 | 남은시간: 3.3분 | 성공: 36,300 | 에러: 0
[진행률] 36,400/63,530 (57.3%) | 속도: 136.6 이미지/초 | 남은시간: 3.3분 | 성공: 36,400 | 에러: 0
[진행률] 36,500/63,530 (57.5%) | 속도: 136.6 이미지/초 | 남은시간: 3.3분 | 성공: 36,500 | 에러: 0
[진행률] 36,600/63,530 (57.6%) | 속도: 136.5 이미지/초 | 남은시간: 3.3분 | 성공: 36,600 | 에러: 0
[진행률] 36,700/63,530 (57.8%) | 속도: 136.4 이미지/초 | 남은시간: 3.3분 | 성공: 36,700 | 에러: 0
[진행률] 36,800/63,530 (57.9%) | 속도: 136.4 이미지/초 | 남은시간: 3.3분 | 성공: 36,800 | 에러: 0
[진행률] 36,900/63,530 (58.1%) | 속도: 136.3 이미지/초 | 남은시간: 3.3분 | 성공: 36,900 | 에러: 0
[진행률] 37,000/63,530 (58.2%) | 속도: 136.3 이미지/초 | 남은시간: 3.2분 | 성공: 37,000 | 에러: 0
[진행률] 37,100/63,530 (58.4%) | 속도: 136.3 이미지/초 | 남은시간: 3.2분 | 성공: 37,100 | 에러: 0
[진행률] 37,200/63,530 (58.6%) | 속도: 136.4 이미지/초 | 남은시간: 3.2분 | 성공: 37,200 | 에러: 0
[진행률] 37,300/63,530 (58.7%) | 속도: 136.4 이미지/초 | 남은시간: 3.2분 | 성공: 37,300 | 에러: 0
[진행률] 37,400/63,530 (58.9%) | 속도: 136.4 이미지/초 | 남은시간: 3.2분 | 성공: 37,400 | 에러: 0
[진행률] 37,500/63,530 (59.0%) | 속도: 136.3 이미지/초 | 남은시간: 3.2분 | 성공: 37,500 | 에러: 0
[진행률] 37,600/63,530 (59.2%) | 속도: 136.3 이미지/초 | 남은시간: 3.2분 | 성공: 37,600 | 에러: 0
[진행률] 37,700/63,530 (59.3%) | 속도: 136.3 이미지/초 | 남은시간: 3.2분 | 성공: 37,700 | 에러: 0
[진행률] 37,800/63,530 (59.5%) | 속도: 136.3 이미지/초 | 남은시간: 3.1분 | 성공: 37,800 | 에러: 0
[진행률] 37,900/63,530 (59.7%) | 속도: 136.3 이미지/초 | 남은시간: 3.1분 | 성공: 37,900 | 에러: 0
[진행률] 38,000/63,530 (59.8%) | 속도: 136.3 이미지/초 | 남은시간: 3.1분 | 성공: 38,000 | 에러: 0
[진행률] 38,100/63,530 (60.0%) | 속도: 136.3 이미지/초 | 남은시간: 3.1분 | 성공: 38,100 | 에러: 0
[진행률] 38,200/63,530 (60.1%) | 속도: 136.4 이미지/초 | 남은시간: 3.1분 | 성공: 38,200 | 에러: 0
[진행률] 38,300/63,530 (60.3%) | 속도: 136.4 이미지/초 | 남은시간: 3.1분 | 성공: 38,300 | 에러: 0
[진행률] 38,400/63,530 (60.4%) | 속도: 136.4 이미지/초 | 남은시간: 3.1분 | 성공: 38,400 | 에러: 0
[진행률] 38,500/63,530 (60.6%) | 속도: 136.4 이미지/초 | 남은시간: 3.1분 | 성공: 38,500 | 에러: 0
[진행률] 38,600/63,530 (60.8%) | 속도: 136.5 이미지/초 | 남은시간: 3.0분 | 성공: 38,600 | 에러: 0
[진행률] 38,700/63,530 (60.9%) | 속도: 136.5 이미지/초 | 남은시간: 3.0분 | 성공: 38,700 | 에러: 0
[진행률] 38,800/63,530 (61.1%) | 속도: 136.5 이미지/초 | 남은시간: 3.0분 | 성공: 38,800 | 에러: 0
[진행률] 38,900/63,530 (61.2%) | 속도: 136.5 이미지/초 | 남은시간: 3.0분 | 성공: 38,900 | 에러: 0
[진행률] 39,000/63,530 (61.4%) | 속도: 136.5 이미지/초 | 남은시간: 3.0분 | 성공: 39,000 | 에러: 0
[진행률] 39,100/63,530 (61.5%) | 속도: 136.5 이미지/초 | 남은시간: 3.0분 | 성공: 39,100 | 에러: 0
[진행률] 39,200/63,530 (61.7%) | 속도: 136.5 이미지/초 | 남은시간: 3.0분 | 성공: 39,200 | 에러: 0
[진행률] 39,300/63,530 (61.9%) | 속도: 136.6 이미지/초 | 남은시간: 3.0분 | 성공: 39,300 | 에러: 0
[진행률] 39,400/63,530 (62.0%) | 속도: 136.6 이미지/초 | 남은시간: 2.9분 | 성공: 39,400 | 에러: 0
[진행률] 39,500/63,530 (62.2%) | 속도: 136.6 이미지/초 | 남은시간: 2.9분 | 성공: 39,500 | 에러: 0
[진행률] 39,600/63,530 (62.3%) | 속도: 136.6 이미지/초 | 남은시간: 2.9분 | 성공: 39,600 | 에러: 0
[진행률] 39,700/63,530 (62.5%) | 속도: 136.6 이미지/초 | 남은시간: 2.9분 | 성공: 39,700 | 에러: 0
[진행률] 39,800/63,530 (62.6%) | 속도: 136.6 이미지/초 | 남은시간: 2.9분 | 성공: 39,800 | 에러: 0
[진행률] 39,900/63,530 (62.8%) | 속도: 136.7 이미지/초 | 남은시간: 2.9분 | 성공: 39,900 | 에러: 0
[진행률] 40,000/63,530 (63.0%) | 속도: 136.7 이미지/초 | 남은시간: 2.9분 | 성공: 40,000 | 에러: 0
[진행률] 40,100/63,530 (63.1%) | 속도: 136.7 이미지/초 | 남은시간: 2.9분 | 성공: 40,100 | 에러: 0
[진행률] 40,200/63,530 (63.3%) | 속도: 136.7 이미지/초 | 남은시간: 2.8분 | 성공: 40,200 | 에러: 0
[진행률] 40,300/63,530 (63.4%) | 속도: 136.7 이미지/초 | 남은시간: 2.8분 | 성공: 40,300 | 에러: 0
[진행률] 40,400/63,530 (63.6%) | 속도: 136.7 이미지/초 | 남은시간: 2.8분 | 성공: 40,400 | 에러: 0
[진행률] 40,500/63,530 (63.7%) | 속도: 136.7 이미지/초 | 남은시간: 2.8분 | 성공: 40,500 | 에러: 0
[진행률] 40,600/63,530 (63.9%) | 속도: 136.8 이미지/초 | 남은시간: 2.8분 | 성공: 40,600 | 에러: 0
[진행률] 40,700/63,530 (64.1%) | 속도: 136.8 이미지/초 | 남은시간: 2.8분 | 성공: 40,700 | 에러: 0
[진행률] 40,800/63,530 (64.2%) | 속도: 136.8 이미지/초 | 남은시간: 2.8분 | 성공: 40,800 | 에러: 0
[진행률] 40,900/63,530 (64.4%) | 속도: 136.8 이미지/초 | 남은시간: 2.8분 | 성공: 40,900 | 에러: 0
[진행률] 41,000/63,530 (64.5%) | 속도: 136.8 이미지/초 | 남은시간: 2.7분 | 성공: 41,000 | 에러: 0
[진행률] 41,100/63,530 (64.7%) | 속도: 136.8 이미지/초 | 남은시간: 2.7분 | 성공: 41,100 | 에러: 0
[진행률] 41,200/63,530 (64.9%) | 속도: 136.9 이미지/초 | 남은시간: 2.7분 | 성공: 41,200 | 에러: 0
[진행률] 41,300/63,530 (65.0%) | 속도: 136.9 이미지/초 | 남은시간: 2.7분 | 성공: 41,300 | 에러: 0
[진행률] 41,400/63,530 (65.2%) | 속도: 136.9 이미지/초 | 남은시간: 2.7분 | 성공: 41,400 | 에러: 0
[진행률] 41,500/63,530 (65.3%) | 속도: 136.9 이미지/초 | 남은시간: 2.7분 | 성공: 41,500 | 에러: 0
[진행률] 41,600/63,530 (65.5%) | 속도: 136.9 이미지/초 | 남은시간: 2.7분 | 성공: 41,600 | 에러: 0
[진행률] 41,700/63,530 (65.6%) | 속도: 136.9 이미지/초 | 남은시간: 2.7분 | 성공: 41,700 | 에러: 0
[진행률] 41,800/63,530 (65.8%) | 속도: 136.9 이미지/초 | 남은시간: 2.6분 | 성공: 41,800 | 에러: 0
[진행률] 41,900/63,530 (66.0%) | 속도: 137.0 이미지/초 | 남은시간: 2.6분 | 성공: 41,900 | 에러: 0
[진행률] 42,000/63,530 (66.1%) | 속도: 137.0 이미지/초 | 남은시간: 2.6분 | 성공: 42,000 | 에러: 0
[진행률] 42,100/63,530 (66.3%) | 속도: 137.0 이미지/초 | 남은시간: 2.6분 | 성공: 42,100 | 에러: 0
[진행률] 42,200/63,530 (66.4%) | 속도: 137.0 이미지/초 | 남은시간: 2.6분 | 성공: 42,200 | 에러: 0
[진행률] 42,300/63,530 (66.6%) | 속도: 137.0 이미지/초 | 남은시간: 2.6분 | 성공: 42,300 | 에러: 0
[진행률] 42,400/63,530 (66.7%) | 속도: 137.0 이미지/초 | 남은시간: 2.6분 | 성공: 42,400 | 에러: 0
[진행률] 42,500/63,530 (66.9%) | 속도: 137.0 이미지/초 | 남은시간: 2.6분 | 성공: 42,500 | 에러: 0
[진행률] 42,600/63,530 (67.1%) | 속도: 137.0 이미지/초 | 남은시간: 2.5분 | 성공: 42,600 | 에러: 0
[진행률] 42,700/63,530 (67.2%) | 속도: 136.9 이미지/초 | 남은시간: 2.5분 | 성공: 42,700 | 에러: 0
[진행률] 42,800/63,530 (67.4%) | 속도: 136.9 이미지/초 | 남은시간: 2.5분 | 성공: 42,800 | 에러: 0
[진행률] 42,900/63,530 (67.5%) | 속도: 136.9 이미지/초 | 남은시간: 2.5분 | 성공: 42,900 | 에러: 0
[진행률] 43,000/63,530 (67.7%) | 속도: 137.0 이미지/초 | 남은시간: 2.5분 | 성공: 43,000 | 에러: 0
[진행률] 43,100/63,530 (67.8%) | 속도: 137.0 이미지/초 | 남은시간: 2.5분 | 성공: 43,100 | 에러: 0
[진행률] 43,200/63,530 (68.0%) | 속도: 137.0 이미지/초 | 남은시간: 2.5분 | 성공: 43,200 | 에러: 0
[진행률] 43,300/63,530 (68.2%) | 속도: 137.0 이미지/초 | 남은시간: 2.5분 | 성공: 43,300 | 에러: 0
[진행률] 43,400/63,530 (68.3%) | 속도: 137.0 이미지/초 | 남은시간: 2.4분 | 성공: 43,400 | 에러: 0
[진행률] 43,500/63,530 (68.5%) | 속도: 136.9 이미지/초 | 남은시간: 2.4분 | 성공: 43,500 | 에러: 0
[진행률] 43,600/63,530 (68.6%) | 속도: 137.0 이미지/초 | 남은시간: 2.4분 | 성공: 43,600 | 에러: 0
[진행률] 43,700/63,530 (68.8%) | 속도: 137.0 이미지/초 | 남은시간: 2.4분 | 성공: 43,700 | 에러: 0
[진행률] 43,800/63,530 (68.9%) | 속도: 137.0 이미지/초 | 남은시간: 2.4분 | 성공: 43,800 | 에러: 0
[진행률] 43,900/63,530 (69.1%) | 속도: 137.0 이미지/초 | 남은시간: 2.4분 | 성공: 43,900 | 에러: 0
[진행률] 44,000/63,530 (69.3%) | 속도: 137.0 이미지/초 | 남은시간: 2.4분 | 성공: 44,000 | 에러: 0
[진행률] 44,100/63,530 (69.4%) | 속도: 137.0 이미지/초 | 남은시간: 2.4분 | 성공: 44,100 | 에러: 0
[진행률] 44,200/63,530 (69.6%) | 속도: 137.0 이미지/초 | 남은시간: 2.4분 | 성공: 44,200 | 에러: 0
[진행률] 44,300/63,530 (69.7%) | 속도: 137.0 이미지/초 | 남은시간: 2.3분 | 성공: 44,300 | 에러: 0
[진행률] 44,400/63,530 (69.9%) | 속도: 137.0 이미지/초 | 남은시간: 2.3분 | 성공: 44,400 | 에러: 0
[진행률] 44,500/63,530 (70.0%) | 속도: 137.0 이미지/초 | 남은시간: 2.3분 | 성공: 44,500 | 에러: 0
[진행률] 44,600/63,530 (70.2%) | 속도: 137.0 이미지/초 | 남은시간: 2.3분 | 성공: 44,600 | 에러: 0
[진행률] 44,700/63,530 (70.4%) | 속도: 137.0 이미지/초 | 남은시간: 2.3분 | 성공: 44,700 | 에러: 0
[진행률] 44,800/63,530 (70.5%) | 속도: 137.0 이미지/초 | 남은시간: 2.3분 | 성공: 44,800 | 에러: 0
[진행률] 44,900/63,530 (70.7%) | 속도: 137.0 이미지/초 | 남은시간: 2.3분 | 성공: 44,900 | 에러: 0
[진행률] 45,000/63,530 (70.8%) | 속도: 137.0 이미지/초 | 남은시간: 2.3분 | 성공: 45,000 | 에러: 0
[진행률] 45,100/63,530 (71.0%) | 속도: 137.0 이미지/초 | 남은시간: 2.2분 | 성공: 45,100 | 에러: 0
[진행률] 45,200/63,530 (71.1%) | 속도: 137.0 이미지/초 | 남은시간: 2.2분 | 성공: 45,200 | 에러: 0
[진행률] 45,300/63,530 (71.3%) | 속도: 137.0 이미지/초 | 남은시간: 2.2분 | 성공: 45,300 | 에러: 0
[진행률] 45,400/63,530 (71.5%) | 속도: 137.0 이미지/초 | 남은시간: 2.2분 | 성공: 45,400 | 에러: 0
[진행률] 45,500/63,530 (71.6%) | 속도: 137.0 이미지/초 | 남은시간: 2.2분 | 성공: 45,500 | 에러: 0
[진행률] 45,600/63,530 (71.8%) | 속도: 137.0 이미지/초 | 남은시간: 2.2분 | 성공: 45,600 | 에러: 0
[진행률] 45,700/63,530 (71.9%) | 속도: 137.0 이미지/초 | 남은시간: 2.2분 | 성공: 45,700 | 에러: 0
[진행률] 45,800/63,530 (72.1%) | 속도: 136.9 이미지/초 | 남은시간: 2.2분 | 성공: 45,800 | 에러: 0
[진행률] 45,900/63,530 (72.2%) | 속도: 136.9 이미지/초 | 남은시간: 2.1분 | 성공: 45,900 | 에러: 0
[진행률] 46,000/63,530 (72.4%) | 속도: 137.0 이미지/초 | 남은시간: 2.1분 | 성공: 46,000 | 에러: 0
[진행률] 46,100/63,530 (72.6%) | 속도: 137.0 이미지/초 | 남은시간: 2.1분 | 성공: 46,100 | 에러: 0
[진행률] 46,200/63,530 (72.7%) | 속도: 137.0 이미지/초 | 남은시간: 2.1분 | 성공: 46,200 | 에러: 0
[진행률] 46,300/63,530 (72.9%) | 속도: 137.0 이미지/초 | 남은시간: 2.1분 | 성공: 46,300 | 에러: 0
[진행률] 46,400/63,530 (73.0%) | 속도: 137.0 이미지/초 | 남은시간: 2.1분 | 성공: 46,400 | 에러: 0
[진행률] 46,500/63,530 (73.2%) | 속도: 136.9 이미지/초 | 남은시간: 2.1분 | 성공: 46,500 | 에러: 0
[진행률] 46,600/63,530 (73.4%) | 속도: 136.9 이미지/초 | 남은시간: 2.1분 | 성공: 46,600 | 에러: 0
[진행률] 46,700/63,530 (73.5%) | 속도: 136.9 이미지/초 | 남은시간: 2.0분 | 성공: 46,700 | 에러: 0
[진행률] 46,800/63,530 (73.7%) | 속도: 136.9 이미지/초 | 남은시간: 2.0분 | 성공: 46,800 | 에러: 0
[진행률] 46,900/63,530 (73.8%) | 속도: 137.0 이미지/초 | 남은시간: 2.0분 | 성공: 46,900 | 에러: 0
[진행률] 47,000/63,530 (74.0%) | 속도: 137.0 이미지/초 | 남은시간: 2.0분 | 성공: 47,000 | 에러: 0
[진행률] 47,100/63,530 (74.1%) | 속도: 137.0 이미지/초 | 남은시간: 2.0분 | 성공: 47,100 | 에러: 0
[진행률] 47,200/63,530 (74.3%) | 속도: 137.0 이미지/초 | 남은시간: 2.0분 | 성공: 47,200 | 에러: 0
[진행률] 47,300/63,530 (74.5%) | 속도: 137.0 이미지/초 | 남은시간: 2.0분 | 성공: 47,300 | 에러: 0
[진행률] 47,400/63,530 (74.6%) | 속도: 136.9 이미지/초 | 남은시간: 2.0분 | 성공: 47,400 | 에러: 0
[진행률] 47,500/63,530 (74.8%) | 속도: 137.0 이미지/초 | 남은시간: 2.0분 | 성공: 47,500 | 에러: 0
[진행률] 47,600/63,530 (74.9%) | 속도: 137.0 이미지/초 | 남은시간: 1.9분 | 성공: 47,600 | 에러: 0
[진행률] 47,700/63,530 (75.1%) | 속도: 137.0 이미지/초 | 남은시간: 1.9분 | 성공: 47,700 | 에러: 0
[진행률] 47,800/63,530 (75.2%) | 속도: 137.0 이미지/초 | 남은시간: 1.9분 | 성공: 47,800 | 에러: 0
[진행률] 47,900/63,530 (75.4%) | 속도: 137.0 이미지/초 | 남은시간: 1.9분 | 성공: 47,900 | 에러: 0
[진행률] 48,000/63,530 (75.6%) | 속도: 137.0 이미지/초 | 남은시간: 1.9분 | 성공: 48,000 | 에러: 0
[진행률] 48,100/63,530 (75.7%) | 속도: 136.9 이미지/초 | 남은시간: 1.9분 | 성공: 48,100 | 에러: 0
[진행률] 48,200/63,530 (75.9%) | 속도: 136.9 이미지/초 | 남은시간: 1.9분 | 성공: 48,200 | 에러: 0
[진행률] 48,300/63,530 (76.0%) | 속도: 136.9 이미지/초 | 남은시간: 1.9분 | 성공: 48,300 | 에러: 0
[진행률] 48,400/63,530 (76.2%) | 속도: 136.9 이미지/초 | 남은시간: 1.8분 | 성공: 48,400 | 에러: 0
[진행률] 48,500/63,530 (76.3%) | 속도: 137.0 이미지/초 | 남은시간: 1.8분 | 성공: 48,500 | 에러: 0
[진행률] 48,600/63,530 (76.5%) | 속도: 137.0 이미지/초 | 남은시간: 1.8분 | 성공: 48,600 | 에러: 0
[진행률] 48,700/63,530 (76.7%) | 속도: 137.0 이미지/초 | 남은시간: 1.8분 | 성공: 48,700 | 에러: 0
[진행률] 48,800/63,530 (76.8%) | 속도: 136.9 이미지/초 | 남은시간: 1.8분 | 성공: 48,800 | 에러: 0
[진행률] 48,900/63,530 (77.0%) | 속도: 136.9 이미지/초 | 남은시간: 1.8분 | 성공: 48,900 | 에러: 0
[진행률] 49,000/63,530 (77.1%) | 속도: 136.9 이미지/초 | 남은시간: 1.8분 | 성공: 49,000 | 에러: 0
[진행률] 49,100/63,530 (77.3%) | 속도: 136.9 이미지/초 | 남은시간: 1.8분 | 성공: 49,100 | 에러: 0
[진행률] 49,200/63,530 (77.4%) | 속도: 136.9 이미지/초 | 남은시간: 1.7분 | 성공: 49,200 | 에러: 0
[진행률] 49,300/63,530 (77.6%) | 속도: 136.9 이미지/초 | 남은시간: 1.7분 | 성공: 49,300 | 에러: 0
[진행률] 49,400/63,530 (77.8%) | 속도: 136.9 이미지/초 | 남은시간: 1.7분 | 성공: 49,400 | 에러: 0
[진행률] 49,500/63,530 (77.9%) | 속도: 136.9 이미지/초 | 남은시간: 1.7분 | 성공: 49,500 | 에러: 0
[진행률] 49,600/63,530 (78.1%) | 속도: 136.8 이미지/초 | 남은시간: 1.7분 | 성공: 49,600 | 에러: 0
[진행률] 49,700/63,530 (78.2%) | 속도: 136.8 이미지/초 | 남은시간: 1.7분 | 성공: 49,700 | 에러: 0
[진행률] 49,800/63,530 (78.4%) | 속도: 136.8 이미지/초 | 남은시간: 1.7분 | 성공: 49,800 | 에러: 0
[진행률] 49,900/63,530 (78.5%) | 속도: 136.9 이미지/초 | 남은시간: 1.7분 | 성공: 49,900 | 에러: 0
[진행률] 50,000/63,530 (78.7%) | 속도: 136.9 이미지/초 | 남은시간: 1.6분 | 성공: 50,000 | 에러: 0
[진행률] 50,100/63,530 (78.9%) | 속도: 136.9 이미지/초 | 남은시간: 1.6분 | 성공: 50,100 | 에러: 0
[진행률] 50,200/63,530 (79.0%) | 속도: 136.9 이미지/초 | 남은시간: 1.6분 | 성공: 50,200 | 에러: 0
[진행률] 50,300/63,530 (79.2%) | 속도: 136.8 이미지/초 | 남은시간: 1.6분 | 성공: 50,300 | 에러: 0
[진행률] 50,400/63,530 (79.3%) | 속도: 136.8 이미지/초 | 남은시간: 1.6분 | 성공: 50,400 | 에러: 0
[진행률] 50,500/63,530 (79.5%) | 속도: 136.8 이미지/초 | 남은시간: 1.6분 | 성공: 50,500 | 에러: 0
[진행률] 50,600/63,530 (79.6%) | 속도: 136.8 이미지/초 | 남은시간: 1.6분 | 성공: 50,600 | 에러: 0
[진행률] 50,700/63,530 (79.8%) | 속도: 136.8 이미지/초 | 남은시간: 1.6분 | 성공: 50,700 | 에러: 0
[진행률] 50,800/63,530 (80.0%) | 속도: 136.8 이미지/초 | 남은시간: 1.6분 | 성공: 50,800 | 에러: 0
[진행률] 50,900/63,530 (80.1%) | 속도: 136.8 이미지/초 | 남은시간: 1.5분 | 성공: 50,900 | 에러: 0
[진행률] 51,000/63,530 (80.3%) | 속도: 136.8 이미지/초 | 남은시간: 1.5분 | 성공: 51,000 | 에러: 0
[진행률] 51,100/63,530 (80.4%) | 속도: 136.7 이미지/초 | 남은시간: 1.5분 | 성공: 51,100 | 에러: 0
[진행률] 51,200/63,530 (80.6%) | 속도: 136.7 이미지/초 | 남은시간: 1.5분 | 성공: 51,200 | 에러: 0
[진행률] 51,300/63,530 (80.7%) | 속도: 136.7 이미지/초 | 남은시간: 1.5분 | 성공: 51,300 | 에러: 0
[진행률] 51,400/63,530 (80.9%) | 속도: 136.7 이미지/초 | 남은시간: 1.5분 | 성공: 51,400 | 에러: 0
[진행률] 51,500/63,530 (81.1%) | 속도: 136.7 이미지/초 | 남은시간: 1.5분 | 성공: 51,500 | 에러: 0
[진행률] 51,600/63,530 (81.2%) | 속도: 136.7 이미지/초 | 남은시간: 1.5분 | 성공: 51,600 | 에러: 0
[진행률] 51,700/63,530 (81.4%) | 속도: 136.8 이미지/초 | 남은시간: 1.4분 | 성공: 51,700 | 에러: 0
[진행률] 51,800/63,530 (81.5%) | 속도: 136.7 이미지/초 | 남은시간: 1.4분 | 성공: 51,800 | 에러: 0
[진행률] 51,900/63,530 (81.7%) | 속도: 136.7 이미지/초 | 남은시간: 1.4분 | 성공: 51,900 | 에러: 0
[진행률] 52,000/63,530 (81.9%) | 속도: 136.7 이미지/초 | 남은시간: 1.4분 | 성공: 52,000 | 에러: 0
[진행률] 52,100/63,530 (82.0%) | 속도: 136.7 이미지/초 | 남은시간: 1.4분 | 성공: 52,100 | 에러: 0
[진행률] 52,200/63,530 (82.2%) | 속도: 136.7 이미지/초 | 남은시간: 1.4분 | 성공: 52,200 | 에러: 0
[진행률] 52,300/63,530 (82.3%) | 속도: 136.7 이미지/초 | 남은시간: 1.4분 | 성공: 52,300 | 에러: 0
[진행률] 52,400/63,530 (82.5%) | 속도: 136.7 이미지/초 | 남은시간: 1.4분 | 성공: 52,400 | 에러: 0
[진행률] 52,500/63,530 (82.6%) | 속도: 136.7 이미지/초 | 남은시간: 1.3분 | 성공: 52,500 | 에러: 0
[진행률] 52,600/63,530 (82.8%) | 속도: 136.7 이미지/초 | 남은시간: 1.3분 | 성공: 52,600 | 에러: 0
[진행률] 52,700/63,530 (83.0%) | 속도: 136.7 이미지/초 | 남은시간: 1.3분 | 성공: 52,700 | 에러: 0
[진행률] 52,800/63,530 (83.1%) | 속도: 136.7 이미지/초 | 남은시간: 1.3분 | 성공: 52,800 | 에러: 0
[진행률] 52,900/63,530 (83.3%) | 속도: 136.7 이미지/초 | 남은시간: 1.3분 | 성공: 52,900 | 에러: 0
[진행률] 53,000/63,530 (83.4%) | 속도: 136.7 이미지/초 | 남은시간: 1.3분 | 성공: 53,000 | 에러: 0
[진행률] 53,100/63,530 (83.6%) | 속도: 136.7 이미지/초 | 남은시간: 1.3분 | 성공: 53,100 | 에러: 0
[진행률] 53,200/63,530 (83.7%) | 속도: 136.7 이미지/초 | 남은시간: 1.3분 | 성공: 53,200 | 에러: 0
[진행률] 53,300/63,530 (83.9%) | 속도: 136.7 이미지/초 | 남은시간: 1.2분 | 성공: 53,300 | 에러: 0
[진행률] 53,400/63,530 (84.1%) | 속도: 136.7 이미지/초 | 남은시간: 1.2분 | 성공: 53,400 | 에러: 0
[진행률] 53,500/63,530 (84.2%) | 속도: 136.7 이미지/초 | 남은시간: 1.2분 | 성공: 53,500 | 에러: 0
[진행률] 53,600/63,530 (84.4%) | 속도: 136.7 이미지/초 | 남은시간: 1.2분 | 성공: 53,600 | 에러: 0
[진행률] 53,700/63,530 (84.5%) | 속도: 136.7 이미지/초 | 남은시간: 1.2분 | 성공: 53,700 | 에러: 0
[진행률] 53,800/63,530 (84.7%) | 속도: 136.7 이미지/초 | 남은시간: 1.2분 | 성공: 53,800 | 에러: 0
[진행률] 53,900/63,530 (84.8%) | 속도: 136.7 이미지/초 | 남은시간: 1.2분 | 성공: 53,900 | 에러: 0
[진행률] 54,000/63,530 (85.0%) | 속도: 136.7 이미지/초 | 남은시간: 1.2분 | 성공: 54,000 | 에러: 0
[진행률] 54,100/63,530 (85.2%) | 속도: 136.7 이미지/초 | 남은시간: 1.2분 | 성공: 54,100 | 에러: 0
[진행률] 54,200/63,530 (85.3%) | 속도: 136.7 이미지/초 | 남은시간: 1.1분 | 성공: 54,200 | 에러: 0
[진행률] 54,300/63,530 (85.5%) | 속도: 136.7 이미지/초 | 남은시간: 1.1분 | 성공: 54,300 | 에러: 0
[진행률] 54,400/63,530 (85.6%) | 속도: 136.7 이미지/초 | 남은시간: 1.1분 | 성공: 54,400 | 에러: 0
[진행률] 54,500/63,530 (85.8%) | 속도: 136.7 이미지/초 | 남은시간: 1.1분 | 성공: 54,500 | 에러: 0
[진행률] 54,600/63,530 (85.9%) | 속도: 136.7 이미지/초 | 남은시간: 1.1분 | 성공: 54,600 | 에러: 0
[진행률] 54,700/63,530 (86.1%) | 속도: 136.7 이미지/초 | 남은시간: 1.1분 | 성공: 54,700 | 에러: 0
[진행률] 54,800/63,530 (86.3%) | 속도: 136.7 이미지/초 | 남은시간: 1.1분 | 성공: 54,800 | 에러: 0
[진행률] 54,900/63,530 (86.4%) | 속도: 136.6 이미지/초 | 남은시간: 1.1분 | 성공: 54,900 | 에러: 0
[진행률] 55,000/63,530 (86.6%) | 속도: 136.6 이미지/초 | 남은시간: 1.0분 | 성공: 55,000 | 에러: 0
[진행률] 55,100/63,530 (86.7%) | 속도: 136.7 이미지/초 | 남은시간: 1.0분 | 성공: 55,100 | 에러: 0
[진행률] 55,200/63,530 (86.9%) | 속도: 136.7 이미지/초 | 남은시간: 1.0분 | 성공: 55,200 | 에러: 0
[진행률] 55,300/63,530 (87.0%) | 속도: 136.7 이미지/초 | 남은시간: 1.0분 | 성공: 55,300 | 에러: 0
[진행률] 55,400/63,530 (87.2%) | 속도: 136.7 이미지/초 | 남은시간: 1.0분 | 성공: 55,400 | 에러: 0
[진행률] 55,500/63,530 (87.4%) | 속도: 136.7 이미지/초 | 남은시간: 1.0분 | 성공: 55,500 | 에러: 0
[진행률] 55,600/63,530 (87.5%) | 속도: 136.7 이미지/초 | 남은시간: 1.0분 | 성공: 55,600 | 에러: 0
[진행률] 55,700/63,530 (87.7%) | 속도: 136.6 이미지/초 | 남은시간: 1.0분 | 성공: 55,700 | 에러: 0
[진행률] 55,800/63,530 (87.8%) | 속도: 136.6 이미지/초 | 남은시간: 0.9분 | 성공: 55,800 | 에러: 0
[진행률] 55,900/63,530 (88.0%) | 속도: 136.7 이미지/초 | 남은시간: 0.9분 | 성공: 55,900 | 에러: 0
[진행률] 56,000/63,530 (88.1%) | 속도: 136.7 이미지/초 | 남은시간: 0.9분 | 성공: 56,000 | 에러: 0
[진행률] 56,100/63,530 (88.3%) | 속도: 136.7 이미지/초 | 남은시간: 0.9분 | 성공: 56,100 | 에러: 0
[진행률] 56,200/63,530 (88.5%) | 속도: 136.7 이미지/초 | 남은시간: 0.9분 | 성공: 56,200 | 에러: 0
[진행률] 56,300/63,530 (88.6%) | 속도: 136.7 이미지/초 | 남은시간: 0.9분 | 성공: 56,300 | 에러: 0
[진행률] 56,400/63,530 (88.8%) | 속도: 136.7 이미지/초 | 남은시간: 0.9분 | 성공: 56,400 | 에러: 0
[진행률] 56,500/63,530 (88.9%) | 속도: 136.6 이미지/초 | 남은시간: 0.9분 | 성공: 56,500 | 에러: 0
[진행률] 56,600/63,530 (89.1%) | 속도: 136.7 이미지/초 | 남은시간: 0.8분 | 성공: 56,600 | 에러: 0
[진행률] 56,700/63,530 (89.2%) | 속도: 136.7 이미지/초 | 남은시간: 0.8분 | 성공: 56,700 | 에러: 0
[진행률] 56,800/63,530 (89.4%) | 속도: 136.7 이미지/초 | 남은시간: 0.8분 | 성공: 56,800 | 에러: 0
[진행률] 56,900/63,530 (89.6%) | 속도: 136.7 이미지/초 | 남은시간: 0.8분 | 성공: 56,900 | 에러: 0
[진행률] 57,000/63,530 (89.7%) | 속도: 136.7 이미지/초 | 남은시간: 0.8분 | 성공: 57,000 | 에러: 0
[진행률] 57,100/63,530 (89.9%) | 속도: 136.7 이미지/초 | 남은시간: 0.8분 | 성공: 57,100 | 에러: 0
[진행률] 57,200/63,530 (90.0%) | 속도: 136.6 이미지/초 | 남은시간: 0.8분 | 성공: 57,200 | 에러: 0
[진행률] 57,300/63,530 (90.2%) | 속도: 136.6 이미지/초 | 남은시간: 0.8분 | 성공: 57,300 | 에러: 0
[진행률] 57,400/63,530 (90.4%) | 속도: 136.6 이미지/초 | 남은시간: 0.7분 | 성공: 57,400 | 에러: 0
[진행률] 57,500/63,530 (90.5%) | 속도: 136.7 이미지/초 | 남은시간: 0.7분 | 성공: 57,500 | 에러: 0
[진행률] 57,600/63,530 (90.7%) | 속도: 136.7 이미지/초 | 남은시간: 0.7분 | 성공: 57,600 | 에러: 0
[진행률] 57,700/63,530 (90.8%) | 속도: 136.7 이미지/초 | 남은시간: 0.7분 | 성공: 57,700 | 에러: 0
[진행률] 57,800/63,530 (91.0%) | 속도: 136.7 이미지/초 | 남은시간: 0.7분 | 성공: 57,800 | 에러: 0
[진행률] 57,900/63,530 (91.1%) | 속도: 136.7 이미지/초 | 남은시간: 0.7분 | 성공: 57,900 | 에러: 0
[진행률] 58,000/63,530 (91.3%) | 속도: 136.6 이미지/초 | 남은시간: 0.7분 | 성공: 58,000 | 에러: 0
[진행률] 58,100/63,530 (91.5%) | 속도: 136.7 이미지/초 | 남은시간: 0.7분 | 성공: 58,100 | 에러: 0
[진행률] 58,200/63,530 (91.6%) | 속도: 136.7 이미지/초 | 남은시간: 0.6분 | 성공: 58,200 | 에러: 0
[진행률] 58,300/63,530 (91.8%) | 속도: 136.7 이미지/초 | 남은시간: 0.6분 | 성공: 58,300 | 에러: 0
[진행률] 58,400/63,530 (91.9%) | 속도: 136.7 이미지/초 | 남은시간: 0.6분 | 성공: 58,400 | 에러: 0
[진행률] 58,500/63,530 (92.1%) | 속도: 136.7 이미지/초 | 남은시간: 0.6분 | 성공: 58,500 | 에러: 0
[진행률] 58,600/63,530 (92.2%) | 속도: 136.7 이미지/초 | 남은시간: 0.6분 | 성공: 58,600 | 에러: 0
[진행률] 58,700/63,530 (92.4%) | 속도: 136.7 이미지/초 | 남은시간: 0.6분 | 성공: 58,700 | 에러: 0
[진행률] 58,800/63,530 (92.6%) | 속도: 136.6 이미지/초 | 남은시간: 0.6분 | 성공: 58,800 | 에러: 0
[진행률] 58,900/63,530 (92.7%) | 속도: 136.7 이미지/초 | 남은시간: 0.6분 | 성공: 58,900 | 에러: 0
[진행률] 59,000/63,530 (92.9%) | 속도: 136.7 이미지/초 | 남은시간: 0.6분 | 성공: 59,000 | 에러: 0
[진행률] 59,100/63,530 (93.0%) | 속도: 136.7 이미지/초 | 남은시간: 0.5분 | 성공: 59,100 | 에러: 0
[진행률] 59,200/63,530 (93.2%) | 속도: 136.7 이미지/초 | 남은시간: 0.5분 | 성공: 59,200 | 에러: 0
[진행률] 59,300/63,530 (93.3%) | 속도: 136.7 이미지/초 | 남은시간: 0.5분 | 성공: 59,300 | 에러: 0
[진행률] 59,400/63,530 (93.5%) | 속도: 136.7 이미지/초 | 남은시간: 0.5분 | 성공: 59,400 | 에러: 0
[진행률] 59,500/63,530 (93.7%) | 속도: 136.7 이미지/초 | 남은시간: 0.5분 | 성공: 59,500 | 에러: 0
[진행률] 59,600/63,530 (93.8%) | 속도: 136.7 이미지/초 | 남은시간: 0.5분 | 성공: 59,600 | 에러: 0
[진행률] 59,700/63,530 (94.0%) | 속도: 136.7 이미지/초 | 남은시간: 0.5분 | 성공: 59,700 | 에러: 0
[진행률] 59,800/63,530 (94.1%) | 속도: 136.7 이미지/초 | 남은시간: 0.5분 | 성공: 59,800 | 에러: 0
[진행률] 59,900/63,530 (94.3%) | 속도: 136.7 이미지/초 | 남은시간: 0.4분 | 성공: 59,900 | 에러: 0
[진행률] 60,000/63,530 (94.4%) | 속도: 136.7 이미지/초 | 남은시간: 0.4분 | 성공: 60,000 | 에러: 0
[진행률] 60,100/63,530 (94.6%) | 속도: 136.7 이미지/초 | 남은시간: 0.4분 | 성공: 60,100 | 에러: 0
[진행률] 60,200/63,530 (94.8%) | 속도: 136.7 이미지/초 | 남은시간: 0.4분 | 성공: 60,200 | 에러: 0
[진행률] 60,300/63,530 (94.9%) | 속도: 136.7 이미지/초 | 남은시간: 0.4분 | 성공: 60,300 | 에러: 0
[진행률] 60,400/63,530 (95.1%) | 속도: 136.7 이미지/초 | 남은시간: 0.4분 | 성공: 60,400 | 에러: 0
[진행률] 60,500/63,530 (95.2%) | 속도: 136.7 이미지/초 | 남은시간: 0.4분 | 성공: 60,500 | 에러: 0
[진행률] 60,600/63,530 (95.4%) | 속도: 136.7 이미지/초 | 남은시간: 0.4분 | 성공: 60,600 | 에러: 0
[진행률] 60,700/63,530 (95.5%) | 속도: 136.7 이미지/초 | 남은시간: 0.3분 | 성공: 60,700 | 에러: 0
[진행률] 60,800/63,530 (95.7%) | 속도: 136.7 이미지/초 | 남은시간: 0.3분 | 성공: 60,800 | 에러: 0
[진행률] 60,900/63,530 (95.9%) | 속도: 136.7 이미지/초 | 남은시간: 0.3분 | 성공: 60,900 | 에러: 0
[진행률] 61,000/63,530 (96.0%) | 속도: 136.7 이미지/초 | 남은시간: 0.3분 | 성공: 61,000 | 에러: 0
[진행률] 61,100/63,530 (96.2%) | 속도: 136.7 이미지/초 | 남은시간: 0.3분 | 성공: 61,100 | 에러: 0
[진행률] 61,200/63,530 (96.3%) | 속도: 136.7 이미지/초 | 남은시간: 0.3분 | 성공: 61,200 | 에러: 0
[진행률] 61,300/63,530 (96.5%) | 속도: 136.7 이미지/초 | 남은시간: 0.3분 | 성공: 61,300 | 에러: 0
[진행률] 61,400/63,530 (96.6%) | 속도: 136.7 이미지/초 | 남은시간: 0.3분 | 성공: 61,400 | 에러: 0
[진행률] 61,500/63,530 (96.8%) | 속도: 136.7 이미지/초 | 남은시간: 0.2분 | 성공: 61,500 | 에러: 0
[진행률] 61,600/63,530 (97.0%) | 속도: 136.7 이미지/초 | 남은시간: 0.2분 | 성공: 61,600 | 에러: 0
[진행률] 61,700/63,530 (97.1%) | 속도: 136.7 이미지/초 | 남은시간: 0.2분 | 성공: 61,700 | 에러: 0
[진행률] 61,800/63,530 (97.3%) | 속도: 136.7 이미지/초 | 남은시간: 0.2분 | 성공: 61,800 | 에러: 0
[진행률] 61,900/63,530 (97.4%) | 속도: 136.7 이미지/초 | 남은시간: 0.2분 | 성공: 61,900 | 에러: 0
[진행률] 62,000/63,530 (97.6%) | 속도: 136.7 이미지/초 | 남은시간: 0.2분 | 성공: 62,000 | 에러: 0
[진행률] 62,100/63,530 (97.7%) | 속도: 136.7 이미지/초 | 남은시간: 0.2분 | 성공: 62,100 | 에러: 0
[진행률] 62,200/63,530 (97.9%) | 속도: 136.7 이미지/초 | 남은시간: 0.2분 | 성공: 62,200 | 에러: 0
[진행률] 62,300/63,530 (98.1%) | 속도: 136.7 이미지/초 | 남은시간: 0.1분 | 성공: 62,300 | 에러: 0
[진행률] 62,400/63,530 (98.2%) | 속도: 136.7 이미지/초 | 남은시간: 0.1분 | 성공: 62,400 | 에러: 0
[진행률] 62,500/63,530 (98.4%) | 속도: 136.8 이미지/초 | 남은시간: 0.1분 | 성공: 62,500 | 에러: 0
[진행률] 62,600/63,530 (98.5%) | 속도: 136.7 이미지/초 | 남은시간: 0.1분 | 성공: 62,600 | 에러: 0
[진행률] 62,700/63,530 (98.7%) | 속도: 136.7 이미지/초 | 남은시간: 0.1분 | 성공: 62,700 | 에러: 0
[진행률] 62,800/63,530 (98.9%) | 속도: 136.7 이미지/초 | 남은시간: 0.1분 | 성공: 62,800 | 에러: 0
[진행률] 62,900/63,530 (99.0%) | 속도: 136.7 이미지/초 | 남은시간: 0.1분 | 성공: 62,900 | 에러: 0
[진행률] 63,000/63,530 (99.2%) | 속도: 136.7 이미지/초 | 남은시간: 0.1분 | 성공: 63,000 | 에러: 0
[진행률] 63,100/63,530 (99.3%) | 속도: 136.7 이미지/초 | 남은시간: 0.1분 | 성공: 63,100 | 에러: 0
[진행률] 63,200/63,530 (99.5%) | 속도: 136.7 이미지/초 | 남은시간: 0.0분 | 성공: 63,200 | 에러: 0
[진행률] 63,300/63,530 (99.6%) | 속도: 136.7 이미지/초 | 남은시간: 0.0분 | 성공: 63,300 | 에러: 0
[진행률] 63,400/63,530 (99.8%) | 속도: 136.7 이미지/초 | 남은시간: 0.0분 | 성공: 63,400 | 에러: 0
[진행률] 63,500/63,530 (100.0%) | 속도: 136.7 이미지/초 | 남은시간: 0.0분 | 성공: 63,500 | 에러: 0

============================================================
변환 완료!
============================================================
총 처리: 63,530개
성공: 63,530개
건너뜀: 0개
실패: 0개
소요 시간: 7.7분
평균 속도: 136.7 이미지/초
출력 디렉토리: /home/maiordba/projects/vision/Wan2.2/preprocessed_data/images_1280x720
============================================================
